[0.044s] Invoking command in '/workspace/build/pubsub': CMAKE_PREFIX_PATH=/opt/ros/dashing /usr/bin/cmake --build /workspace/build/pubsub -- -j8 -l8
[0.126s] [100%] Built target publisher
[0.126s] [100%] Built target subscriber
[0.142s] Invoked command in '/workspace/build/pubsub' returned '0': CMAKE_PREFIX_PATH=/opt/ros/dashing /usr/bin/cmake --build /workspace/build/pubsub -- -j8 -l8
[0.191s] Invoking command in '/workspace/build/pubsub': CMAKE_PREFIX_PATH=/opt/ros/dashing /usr/bin/cmake --build /workspace/build/pubsub --target install -- -j8 -l8
[0.279s] [100%] Built target subscriber
[0.279s] [100%] Built target publisher
[0.306s] [36mInstall the project...[0m
[0.319s] -- Install configuration: ""
[0.322s] -- Up-to-date: /workspace/install/pubsub/lib/pubsub/publisher
[0.326s] -- Up-to-date: /workspace/install/pubsub/lib/pubsub/subscriber
[0.330s] -- Up-to-date: /workspace/install/pubsub/share/ament_index/resource_index/package_run_dependencies/pubsub
[0.337s] -- Up-to-date: /workspace/install/pubsub/share/ament_index/resource_index/parent_prefix_path/pubsub
[0.338s] -- Up-to-date: /workspace/install/pubsub/share/pubsub/environment/ament_prefix_path.sh
[0.339s] -- Up-to-date: /workspace/install/pubsub/share/pubsub/environment/path.sh
[0.341s] -- Up-to-date: /workspace/install/pubsub/share/pubsub/local_setup.bash
[0.343s] -- Up-to-date: /workspace/install/pubsub/share/pubsub/local_setup.sh
[0.344s] -- Up-to-date: /workspace/install/pubsub/share/pubsub/local_setup.zsh
[0.346s] -- Up-to-date: /workspace/install/pubsub/share/ament_index/resource_index/packages/pubsub
[0.353s] -- Up-to-date: /workspace/install/pubsub/share/pubsub/cmake/pubsubConfig.cmake
[0.356s] -- Up-to-date: /workspace/install/pubsub/share/pubsub/cmake/pubsubConfig-version.cmake
[0.358s] -- Up-to-date: /workspace/install/pubsub/share/pubsub/package.xml
[0.415s] Invoked command in '/workspace/build/pubsub' returned '0': CMAKE_PREFIX_PATH=/opt/ros/dashing /usr/bin/cmake --build /workspace/build/pubsub --target install -- -j8 -l8
