[0.044s] Invoking command in '/workspace/build/pubsub': CMAKE_PREFIX_PATH=/opt/ros/dashing /usr/bin/cmake /workspace/src/pubsub -DCMAKE_INSTALL_PREFIX=/workspace/install/pubsub
[0.221s] -- The C compiler identification is GNU 7.5.0
[0.320s] -- The CXX compiler identification is GNU 7.5.0
[0.330s] -- Check for working C compiler: /usr/bin/cc
[0.471s] -- Check for working C compiler: /usr/bin/cc -- works
[0.474s] -- Detecting C compiler ABI info
[0.612s] -- Detecting C compiler ABI info - done
[0.624s] -- Detecting C compile features
[1.124s] -- Detecting C compile features - done
[1.133s] -- Check for working CXX compiler: /usr/bin/c++
[1.295s] -- Check for working CXX compiler: /usr/bin/c++ -- works
[1.296s] -- Detecting CXX compiler ABI info
[1.451s] -- Detecting CXX compiler ABI info - done
[1.460s] -- Detecting CXX compile features
[2.676s] -- Detecting CXX compile features - done
[2.684s] -- Found ament_cmake: 0.7.6 (/opt/ros/dashing/share/ament_cmake/cmake)
[2.726s] -- Found PythonInterp: /usr/bin/python3 (found suitable version "3.6.9", minimum required is "3") 
[2.727s] -- Using PYTHON_EXECUTABLE: /usr/bin/python3
[3.065s] -- Found rclcpp: 0.7.16 (/opt/ros/dashing/share/rclcpp/cmake)
[3.097s] -- Found rosidl_adapter: 0.7.10 (/opt/ros/dashing/share/rosidl_adapter/cmake)
[3.179s] -- Found rmw_implementation_cmake: 0.7.2 (/opt/ros/dashing/share/rmw_implementation_cmake/cmake)
[3.183s] -- Using RMW implementation 'rmw_fastrtps_cpp' as default
[3.187s] -- Looking for pthread.h
[3.326s] -- Looking for pthread.h - found
[3.329s] -- Looking for pthread_create
[3.472s] -- Looking for pthread_create - not found
[3.474s] -- Looking for pthread_create in pthreads
[3.592s] -- Looking for pthread_create in pthreads - not found
[3.593s] -- Looking for pthread_create in pthread
[3.729s] -- Looking for pthread_create in pthread - found
[3.731s] -- Found Threads: TRUE  
[3.788s] -- Found std_msgs: 0.7.1 (/opt/ros/dashing/share/std_msgs/cmake)
[3.836s] -- Found ament_lint_auto: 0.7.12 (/opt/ros/dashing/share/ament_lint_auto/cmake)
[4.048s] -- Added test 'copyright' to check for copyright in CMake / C / C++ / Python code
[4.057s] -- Added test 'cppcheck' to perform static code analysis on C / C++ code
[4.058s] -- Configured cppcheck include dirs: 
[4.068s] -- Added test 'cpplint' to check C / C++ code against the Google style
[4.074s] -- Added test 'lint_cmake' to check CMake code style
[4.083s] -- Added test 'uncrustify' to check C / C++ code style
[4.085s] -- Added test 'xmllint' to check XML markup files
[4.098s] -- Configuring done
[4.169s] -- Generating done
[4.184s] -- Build files have been written to: /workspace/build/pubsub
[4.189s] Invoked command in '/workspace/build/pubsub' returned '0': CMAKE_PREFIX_PATH=/opt/ros/dashing /usr/bin/cmake /workspace/src/pubsub -DCMAKE_INSTALL_PREFIX=/workspace/install/pubsub
[4.193s] Invoking command in '/workspace/build/pubsub': CMAKE_PREFIX_PATH=/opt/ros/dashing /usr/bin/cmake --build /workspace/build/pubsub -- -j8 -l8
[4.255s] [35m[1mScanning dependencies of target publisher[0m
[4.256s] [35m[1mScanning dependencies of target subscriber[0m
[4.664s] [ 25%] [32mBuilding CXX object CMakeFiles/publisher.dir/src/publisher.cpp.o[0m
[4.667s] [ 50%] [32mBuilding CXX object CMakeFiles/subscriber.dir/src/subscriber.cpp.o[0m
[9.249s] [ 75%] [32m[1mLinking CXX executable publisher[0m
[9.593s] [ 75%] Built target publisher
[9.601s] [100%] [32m[1mLinking CXX executable subscriber[0m
[9.898s] [100%] Built target subscriber
[9.913s] Invoked command in '/workspace/build/pubsub' returned '0': CMAKE_PREFIX_PATH=/opt/ros/dashing /usr/bin/cmake --build /workspace/build/pubsub -- -j8 -l8
[9.968s] Invoking command in '/workspace/build/pubsub': CMAKE_PREFIX_PATH=/opt/ros/dashing /usr/bin/cmake --build /workspace/build/pubsub --target install -- -j8 -l8
[10.069s] [ 50%] Built target publisher
[10.073s] [100%] Built target subscriber
[10.103s] [36mInstall the project...[0m
[10.117s] -- Install configuration: ""
[10.118s] -- Installing: /workspace/install/pubsub/lib/pubsub/publisher
[10.124s] -- Set runtime path of "/workspace/install/pubsub/lib/pubsub/publisher" to ""
[10.125s] -- Installing: /workspace/install/pubsub/lib/pubsub/subscriber
[10.131s] -- Set runtime path of "/workspace/install/pubsub/lib/pubsub/subscriber" to ""
[10.133s] -- Installing: /workspace/install/pubsub/share/ament_index/resource_index/package_run_dependencies/pubsub
[10.137s] -- Installing: /workspace/install/pubsub/share/ament_index/resource_index/parent_prefix_path/pubsub
[10.140s] -- Installing: /workspace/install/pubsub/share/pubsub/environment/ament_prefix_path.sh
[10.142s] -- Installing: /workspace/install/pubsub/share/pubsub/environment/path.sh
[10.144s] -- Installing: /workspace/install/pubsub/share/pubsub/local_setup.bash
[10.146s] -- Installing: /workspace/install/pubsub/share/pubsub/local_setup.sh
[10.148s] -- Installing: /workspace/install/pubsub/share/pubsub/local_setup.zsh
[10.151s] -- Installing: /workspace/install/pubsub/share/ament_index/resource_index/packages/pubsub
[10.154s] -- Installing: /workspace/install/pubsub/share/pubsub/cmake/pubsubConfig.cmake
[10.156s] -- Installing: /workspace/install/pubsub/share/pubsub/cmake/pubsubConfig-version.cmake
[10.159s] -- Installing: /workspace/install/pubsub/share/pubsub/package.xml
[10.168s] Invoked command in '/workspace/build/pubsub' returned '0': CMAKE_PREFIX_PATH=/opt/ros/dashing /usr/bin/cmake --build /workspace/build/pubsub --target install -- -j8 -l8
