Determining if the pthread_create exist failed with the following output:
Change Dir: /workspace/build/pubsub/CMakeFiles/CMakeTmp

Run Build Command:"/usr/bin/make" "cmTC_38055/fast"
/usr/bin/make -f CMakeFiles/cmTC_38055.dir/build.make CMakeFiles/cmTC_38055.dir/build
make[1]: Entering directory '/workspace/build/pubsub/CMakeFiles/CMakeTmp'
Building C object CMakeFiles/cmTC_38055.dir/CheckSymbolExists.c.o
/usr/bin/cc    -o CMakeFiles/cmTC_38055.dir/CheckSymbolExists.c.o   -c /workspace/build/pubsub/CMakeFiles/CMakeTmp/CheckSymbolExists.c
Linking C executable cmTC_38055
/usr/bin/cmake -E cmake_link_script CMakeFiles/cmTC_38055.dir/link.txt --verbose=1
/usr/bin/cc      CMakeFiles/cmTC_38055.dir/CheckSymbolExists.c.o  -o cmTC_38055 
CMakeFiles/cmTC_38055.dir/CheckSymbolExists.c.o: In function `main':
CheckSymbolExists.c:(.text+0x1b): undefined reference to `pthread_create'
collect2: error: ld returned 1 exit status
CMakeFiles/cmTC_38055.dir/build.make:97: recipe for target 'cmTC_38055' failed
make[1]: *** [cmTC_38055] Error 1
make[1]: Leaving directory '/workspace/build/pubsub/CMakeFiles/CMakeTmp'
Makefile:126: recipe for target 'cmTC_38055/fast' failed
make: *** [cmTC_38055/fast] Error 2

File /workspace/build/pubsub/CMakeFiles/CMakeTmp/CheckSymbolExists.c:
/* */
#include <pthread.h>

int main(int argc, char** argv)
{
  (void)argv;
#ifndef pthread_create
  return ((int*)(&pthread_create))[argc];
#else
  (void)argc;
  return 0;
#endif
}

Determining if the function pthread_create exists in the pthreads failed with the following output:
Change Dir: /workspace/build/pubsub/CMakeFiles/CMakeTmp

Run Build Command:"/usr/bin/make" "cmTC_2536c/fast"
/usr/bin/make -f CMakeFiles/cmTC_2536c.dir/build.make CMakeFiles/cmTC_2536c.dir/build
make[1]: Entering directory '/workspace/build/pubsub/CMakeFiles/CMakeTmp'
Building C object CMakeFiles/cmTC_2536c.dir/CheckFunctionExists.c.o
/usr/bin/cc   -DCHECK_FUNCTION_EXISTS=pthread_create   -o CMakeFiles/cmTC_2536c.dir/CheckFunctionExists.c.o   -c /usr/share/cmake-3.10/Modules/CheckFunctionExists.c
Linking C executable cmTC_2536c
/usr/bin/cmake -E cmake_link_script CMakeFiles/cmTC_2536c.dir/link.txt --verbose=1
/usr/bin/cc  -DCHECK_FUNCTION_EXISTS=pthread_create    CMakeFiles/cmTC_2536c.dir/CheckFunctionExists.c.o  -o cmTC_2536c -lpthreads 
/usr/bin/ld: cannot find -lpthreads
collect2: error: ld returned 1 exit status
CMakeFiles/cmTC_2536c.dir/build.make:97: recipe for target 'cmTC_2536c' failed
make[1]: *** [cmTC_2536c] Error 1
make[1]: Leaving directory '/workspace/build/pubsub/CMakeFiles/CMakeTmp'
Makefile:126: recipe for target 'cmTC_2536c/fast' failed
make: *** [cmTC_2536c/fast] Error 2


