[0.000000] (-) TimerEvent: {}
[0.000363] (pubsub) JobQueued: {'identifier': 'pubsub', 'dependencies': OrderedDict()}
[0.000534] (sample) JobQueued: {'identifier': 'sample', 'dependencies': OrderedDict()}
[0.001010] (usb_cam) JobQueued: {'identifier': 'usb_cam', 'dependencies': OrderedDict()}
[0.001168] (pubsub) JobStarted: {'identifier': 'pubsub'}
[0.016426] (sample) JobStarted: {'identifier': 'sample'}
[0.025016] (usb_cam) JobStarted: {'identifier': 'usb_cam'}
[0.038983] (pubsub) JobProgress: {'identifier': 'pubsub', 'progress': 'cmake'}
[0.040252] (pubsub) JobProgress: {'identifier': 'pubsub', 'progress': 'build'}
[0.041053] (pubsub) Command: {'cmd': ['/usr/bin/cmake', '--build', '/workspace/build/pubsub', '--', '-j8', '-l8'], 'cwd': '/workspace/build/pubsub', 'env': OrderedDict([('HOSTNAME', 'c00abfa5d535'), ('LD_LIBRARY_PATH', '/opt/ros/dashing/opt/yaml_cpp_vendor/lib:/opt/ros/dashing/opt/rviz_ogre_vendor/lib:/opt/ros/dashing/lib:/usr/lib/x86_64-linux-gnu:/usr/lib/i386-linux-gnu:/usr/local/nvidia/lib:/usr/local/nvidia/lib64:/usr/local/nvidia/lib:/usr/local/nvidia/lib64'), ('SHLVL', '1'), ('HOME', '/root'), ('OLDPWD', '/root'), ('ROS_PYTHON_VERSION', '3'), ('CUDA_VERSION', '10.2.89'), ('ROS_DISTRO', 'dashing'), ('NVIDIA_REQUIRE_CUDA', 'cuda>=10.2 brand=tesla,driver>=396,driver<397 brand=tesla,driver>=410,driver<411 brand=tesla,driver>=418,driver<419 brand=tesla,driver>=440,driver<441'), ('_', '/usr/bin/colcon'), ('ROS_VERSION', '2'), ('NVIDIA_DRIVER_CAPABILITIES', 'compute,utility,graphics,compat32,utility'), ('TERM', 'xterm'), ('NV_CUDA_CUDART_VERSION', '10.2.89-1'), ('PATH', '/opt/ros/dashing/bin:/usr/local/nvidia/bin:/usr/local/cuda/bin:/usr/local/sbin:/usr/local/bin:/usr/sbin:/usr/bin:/sbin:/bin'), ('NVARCH', 'x86_64'), ('AMENT_PREFIX_PATH', '/opt/ros/dashing'), ('DEBIAN_FRONTEND', 'noninteractive'), ('PWD', '/workspace/build/pubsub'), ('PYTHONPATH', '/opt/ros/dashing/lib/python3.6/site-packages'), ('NVIDIA_VISIBLE_DEVICES', 'all'), ('COLCON', '1'), ('CMAKE_PREFIX_PATH', '/opt/ros/dashing')]), 'shell': False}
[0.046213] (sample) JobProgress: {'identifier': 'sample', 'progress': 'cmake'}
[0.047624] (sample) JobProgress: {'identifier': 'sample', 'progress': 'build'}
[0.048010] (sample) Command: {'cmd': ['/usr/bin/cmake', '--build', '/workspace/build/sample', '--', '-j8', '-l8'], 'cwd': '/workspace/build/sample', 'env': OrderedDict([('HOSTNAME', 'c00abfa5d535'), ('LD_LIBRARY_PATH', '/opt/ros/dashing/opt/yaml_cpp_vendor/lib:/opt/ros/dashing/opt/rviz_ogre_vendor/lib:/opt/ros/dashing/lib:/usr/lib/x86_64-linux-gnu:/usr/lib/i386-linux-gnu:/usr/local/nvidia/lib:/usr/local/nvidia/lib64:/usr/local/nvidia/lib:/usr/local/nvidia/lib64'), ('SHLVL', '1'), ('HOME', '/root'), ('OLDPWD', '/root'), ('ROS_PYTHON_VERSION', '3'), ('CUDA_VERSION', '10.2.89'), ('ROS_DISTRO', 'dashing'), ('NVIDIA_REQUIRE_CUDA', 'cuda>=10.2 brand=tesla,driver>=396,driver<397 brand=tesla,driver>=410,driver<411 brand=tesla,driver>=418,driver<419 brand=tesla,driver>=440,driver<441'), ('_', '/usr/bin/colcon'), ('ROS_VERSION', '2'), ('NVIDIA_DRIVER_CAPABILITIES', 'compute,utility,graphics,compat32,utility'), ('TERM', 'xterm'), ('NV_CUDA_CUDART_VERSION', '10.2.89-1'), ('PATH', '/opt/ros/dashing/bin:/usr/local/nvidia/bin:/usr/local/cuda/bin:/usr/local/sbin:/usr/local/bin:/usr/sbin:/usr/bin:/sbin:/bin'), ('NVARCH', 'x86_64'), ('AMENT_PREFIX_PATH', '/opt/ros/dashing'), ('DEBIAN_FRONTEND', 'noninteractive'), ('PWD', '/workspace/build/sample'), ('PYTHONPATH', '/opt/ros/dashing/lib/python3.6/site-packages'), ('NVIDIA_VISIBLE_DEVICES', 'all'), ('COLCON', '1'), ('CMAKE_PREFIX_PATH', '/opt/ros/dashing')]), 'shell': False}
[0.052121] (usb_cam) JobProgress: {'identifier': 'usb_cam', 'progress': 'cmake'}
[0.053722] (usb_cam) JobProgress: {'identifier': 'usb_cam', 'progress': 'build'}
[0.054671] (usb_cam) Command: {'cmd': ['/usr/bin/cmake', '--build', '/workspace/build/usb_cam', '--', '-j8', '-l8'], 'cwd': '/workspace/build/usb_cam', 'env': OrderedDict([('HOSTNAME', 'c00abfa5d535'), ('LD_LIBRARY_PATH', '/opt/ros/dashing/opt/yaml_cpp_vendor/lib:/opt/ros/dashing/opt/rviz_ogre_vendor/lib:/opt/ros/dashing/lib:/usr/lib/x86_64-linux-gnu:/usr/lib/i386-linux-gnu:/usr/local/nvidia/lib:/usr/local/nvidia/lib64:/usr/local/nvidia/lib:/usr/local/nvidia/lib64'), ('SHLVL', '1'), ('HOME', '/root'), ('OLDPWD', '/root'), ('ROS_PYTHON_VERSION', '3'), ('CUDA_VERSION', '10.2.89'), ('ROS_DISTRO', 'dashing'), ('NVIDIA_REQUIRE_CUDA', 'cuda>=10.2 brand=tesla,driver>=396,driver<397 brand=tesla,driver>=410,driver<411 brand=tesla,driver>=418,driver<419 brand=tesla,driver>=440,driver<441'), ('_', '/usr/bin/colcon'), ('ROS_VERSION', '2'), ('NVIDIA_DRIVER_CAPABILITIES', 'compute,utility,graphics,compat32,utility'), ('TERM', 'xterm'), ('NV_CUDA_CUDART_VERSION', '10.2.89-1'), ('PATH', '/opt/ros/dashing/bin:/usr/local/nvidia/bin:/usr/local/cuda/bin:/usr/local/sbin:/usr/local/bin:/usr/sbin:/usr/bin:/sbin:/bin'), ('NVARCH', 'x86_64'), ('AMENT_PREFIX_PATH', '/opt/ros/dashing'), ('DEBIAN_FRONTEND', 'noninteractive'), ('PWD', '/workspace/build/usb_cam'), ('PYTHONPATH', '/opt/ros/dashing/lib/python3.6/site-packages'), ('NVIDIA_VISIBLE_DEVICES', 'all'), ('COLCON', '1'), ('CMAKE_PREFIX_PATH', '/opt/ros/dashing')]), 'shell': False}
[0.098414] (-) TimerEvent: {}
[0.126642] (pubsub) StdoutLine: {'line': b'[100%] Built target publisher\n'}
[0.127375] (pubsub) StdoutLine: {'line': b'[100%] Built target subscriber\n'}
[0.127712] (sample) StdoutLine: {'line': b'[100%] Built target sample_package\n'}
[0.142879] (pubsub) CommandEnded: {'returncode': 0}
[0.145863] (sample) CommandEnded: {'returncode': 0}
[0.148391] (usb_cam) StdoutLine: {'line': b'[100%] Built target usb_cam\n'}
[0.162063] (usb_cam) CommandEnded: {'returncode': 0}
[0.177050] (pubsub) JobProgress: {'identifier': 'pubsub', 'progress': 'install'}
[0.190090] (pubsub) Command: {'cmd': ['/usr/bin/cmake', '--build', '/workspace/build/pubsub', '--target', 'install', '--', '-j8', '-l8'], 'cwd': '/workspace/build/pubsub', 'env': OrderedDict([('HOSTNAME', 'c00abfa5d535'), ('LD_LIBRARY_PATH', '/opt/ros/dashing/opt/yaml_cpp_vendor/lib:/opt/ros/dashing/opt/rviz_ogre_vendor/lib:/opt/ros/dashing/lib:/usr/lib/x86_64-linux-gnu:/usr/lib/i386-linux-gnu:/usr/local/nvidia/lib:/usr/local/nvidia/lib64:/usr/local/nvidia/lib:/usr/local/nvidia/lib64'), ('SHLVL', '1'), ('HOME', '/root'), ('OLDPWD', '/root'), ('ROS_PYTHON_VERSION', '3'), ('CUDA_VERSION', '10.2.89'), ('ROS_DISTRO', 'dashing'), ('NVIDIA_REQUIRE_CUDA', 'cuda>=10.2 brand=tesla,driver>=396,driver<397 brand=tesla,driver>=410,driver<411 brand=tesla,driver>=418,driver<419 brand=tesla,driver>=440,driver<441'), ('_', '/usr/bin/colcon'), ('ROS_VERSION', '2'), ('NVIDIA_DRIVER_CAPABILITIES', 'compute,utility,graphics,compat32,utility'), ('TERM', 'xterm'), ('NV_CUDA_CUDART_VERSION', '10.2.89-1'), ('PATH', '/opt/ros/dashing/bin:/usr/local/nvidia/bin:/usr/local/cuda/bin:/usr/local/sbin:/usr/local/bin:/usr/sbin:/usr/bin:/sbin:/bin'), ('NVARCH', 'x86_64'), ('AMENT_PREFIX_PATH', '/opt/ros/dashing'), ('DEBIAN_FRONTEND', 'noninteractive'), ('PWD', '/workspace/build/pubsub'), ('PYTHONPATH', '/opt/ros/dashing/lib/python3.6/site-packages'), ('NVIDIA_VISIBLE_DEVICES', 'all'), ('COLCON', '1'), ('CMAKE_PREFIX_PATH', '/opt/ros/dashing')]), 'shell': False}
[0.194357] (sample) JobProgress: {'identifier': 'sample', 'progress': 'install'}
[0.196031] (sample) Command: {'cmd': ['/usr/bin/cmake', '--build', '/workspace/build/sample', '--target', 'install', '--', '-j8', '-l8'], 'cwd': '/workspace/build/sample', 'env': OrderedDict([('HOSTNAME', 'c00abfa5d535'), ('LD_LIBRARY_PATH', '/opt/ros/dashing/opt/yaml_cpp_vendor/lib:/opt/ros/dashing/opt/rviz_ogre_vendor/lib:/opt/ros/dashing/lib:/usr/lib/x86_64-linux-gnu:/usr/lib/i386-linux-gnu:/usr/local/nvidia/lib:/usr/local/nvidia/lib64:/usr/local/nvidia/lib:/usr/local/nvidia/lib64'), ('SHLVL', '1'), ('HOME', '/root'), ('OLDPWD', '/root'), ('ROS_PYTHON_VERSION', '3'), ('CUDA_VERSION', '10.2.89'), ('ROS_DISTRO', 'dashing'), ('NVIDIA_REQUIRE_CUDA', 'cuda>=10.2 brand=tesla,driver>=396,driver<397 brand=tesla,driver>=410,driver<411 brand=tesla,driver>=418,driver<419 brand=tesla,driver>=440,driver<441'), ('_', '/usr/bin/colcon'), ('ROS_VERSION', '2'), ('NVIDIA_DRIVER_CAPABILITIES', 'compute,utility,graphics,compat32,utility'), ('TERM', 'xterm'), ('NV_CUDA_CUDART_VERSION', '10.2.89-1'), ('PATH', '/opt/ros/dashing/bin:/usr/local/nvidia/bin:/usr/local/cuda/bin:/usr/local/sbin:/usr/local/bin:/usr/sbin:/usr/bin:/sbin:/bin'), ('NVARCH', 'x86_64'), ('AMENT_PREFIX_PATH', '/opt/ros/dashing'), ('DEBIAN_FRONTEND', 'noninteractive'), ('PWD', '/workspace/build/sample'), ('PYTHONPATH', '/opt/ros/dashing/lib/python3.6/site-packages'), ('NVIDIA_VISIBLE_DEVICES', 'all'), ('COLCON', '1'), ('CMAKE_PREFIX_PATH', '/opt/ros/dashing')]), 'shell': False}
[0.198841] (usb_cam) JobProgress: {'identifier': 'usb_cam', 'progress': 'install'}
[0.198942] (-) TimerEvent: {}
[0.199705] (usb_cam) Command: {'cmd': ['/usr/bin/cmake', '--build', '/workspace/build/usb_cam', '--target', 'install', '--', '-j8', '-l8'], 'cwd': '/workspace/build/usb_cam', 'env': OrderedDict([('HOSTNAME', 'c00abfa5d535'), ('LD_LIBRARY_PATH', '/opt/ros/dashing/opt/yaml_cpp_vendor/lib:/opt/ros/dashing/opt/rviz_ogre_vendor/lib:/opt/ros/dashing/lib:/usr/lib/x86_64-linux-gnu:/usr/lib/i386-linux-gnu:/usr/local/nvidia/lib:/usr/local/nvidia/lib64:/usr/local/nvidia/lib:/usr/local/nvidia/lib64'), ('SHLVL', '1'), ('HOME', '/root'), ('OLDPWD', '/root'), ('ROS_PYTHON_VERSION', '3'), ('CUDA_VERSION', '10.2.89'), ('ROS_DISTRO', 'dashing'), ('NVIDIA_REQUIRE_CUDA', 'cuda>=10.2 brand=tesla,driver>=396,driver<397 brand=tesla,driver>=410,driver<411 brand=tesla,driver>=418,driver<419 brand=tesla,driver>=440,driver<441'), ('_', '/usr/bin/colcon'), ('ROS_VERSION', '2'), ('NVIDIA_DRIVER_CAPABILITIES', 'compute,utility,graphics,compat32,utility'), ('TERM', 'xterm'), ('NV_CUDA_CUDART_VERSION', '10.2.89-1'), ('PATH', '/opt/ros/dashing/bin:/usr/local/nvidia/bin:/usr/local/cuda/bin:/usr/local/sbin:/usr/local/bin:/usr/sbin:/usr/bin:/sbin:/bin'), ('NVARCH', 'x86_64'), ('AMENT_PREFIX_PATH', '/opt/ros/dashing'), ('DEBIAN_FRONTEND', 'noninteractive'), ('PWD', '/workspace/build/usb_cam'), ('PYTHONPATH', '/opt/ros/dashing/lib/python3.6/site-packages'), ('NVIDIA_VISIBLE_DEVICES', 'all'), ('COLCON', '1'), ('CMAKE_PREFIX_PATH', '/opt/ros/dashing')]), 'shell': False}
[0.279055] (sample) StdoutLine: {'line': b'[100%] Built target sample_package\n'}
[0.279538] (pubsub) StdoutLine: {'line': b'[100%] Built target subscriber\n'}
[0.280034] (pubsub) StdoutLine: {'line': b'[100%] Built target publisher\n'}
[0.296747] (usb_cam) StdoutLine: {'line': b'[100%] Built target usb_cam\n'}
[0.299070] (-) TimerEvent: {}
[0.306457] (sample) StdoutLine: {'line': b'\x1b[36mInstall the project...\x1b[0m\n'}
[0.306932] (pubsub) StdoutLine: {'line': b'\x1b[36mInstall the project...\x1b[0m\n'}
[0.319518] (sample) StdoutLine: {'line': b'-- Install configuration: ""\n'}
[0.320204] (pubsub) StdoutLine: {'line': b'-- Install configuration: ""\n'}
[0.321854] (sample) StdoutLine: {'line': b'-- Up-to-date: /workspace/install/sample/lib/sample/sample_package\n'}
[0.322518] (pubsub) StdoutLine: {'line': b'-- Up-to-date: /workspace/install/pubsub/lib/pubsub/publisher\n'}
[0.326076] (sample) StdoutLine: {'line': b'-- Up-to-date: /workspace/install/sample/share/ament_index/resource_index/package_run_dependencies/sample\n'}
[0.326572] (pubsub) StdoutLine: {'line': b'-- Up-to-date: /workspace/install/pubsub/lib/pubsub/subscriber\n'}
[0.327488] (usb_cam) StdoutLine: {'line': b'\x1b[36mInstall the project...\x1b[0m\n'}
[0.328410] (sample) StdoutLine: {'line': b'-- Up-to-date: /workspace/install/sample/share/ament_index/resource_index/parent_prefix_path/sample\n'}
[0.329774] (sample) StdoutLine: {'line': b'-- Up-to-date: /workspace/install/sample/share/sample/environment/ament_prefix_path.sh\n'}
[0.330454] (pubsub) StdoutLine: {'line': b'-- Up-to-date: /workspace/install/pubsub/share/ament_index/resource_index/package_run_dependencies/pubsub\n'}
[0.331558] (sample) StdoutLine: {'line': b'-- Up-to-date: /workspace/install/sample/share/sample/environment/path.sh\n'}
[0.333256] (sample) StdoutLine: {'line': b'-- Up-to-date: /workspace/install/sample/share/sample/local_setup.bash\n'}
[0.334306] (sample) StdoutLine: {'line': b'-- Up-to-date: /workspace/install/sample/share/sample/local_setup.sh\n'}
[0.335807] (sample) StdoutLine: {'line': b'-- Up-to-date: /workspace/install/sample/share/sample/local_setup.zsh\n'}
[0.338020] (pubsub) StdoutLine: {'line': b'-- Up-to-date: /workspace/install/pubsub/share/ament_index/resource_index/parent_prefix_path/pubsub\n'}
[0.338626] (sample) StdoutLine: {'line': b'-- Up-to-date: /workspace/install/sample/share/ament_index/resource_index/packages/sample\n'}
[0.339284] (pubsub) StdoutLine: {'line': b'-- Up-to-date: /workspace/install/pubsub/share/pubsub/environment/ament_prefix_path.sh\n'}
[0.339853] (sample) StdoutLine: {'line': b'-- Up-to-date: /workspace/install/sample/share/sample/cmake/sampleConfig.cmake\n'}
[0.340311] (pubsub) StdoutLine: {'line': b'-- Up-to-date: /workspace/install/pubsub/share/pubsub/environment/path.sh\n'}
[0.341155] (sample) StdoutLine: {'line': b'-- Up-to-date: /workspace/install/sample/share/sample/cmake/sampleConfig-version.cmake\n'}
[0.341791] (pubsub) StdoutLine: {'line': b'-- Up-to-date: /workspace/install/pubsub/share/pubsub/local_setup.bash\n'}
[0.342314] (usb_cam) StdoutLine: {'line': b'-- Install configuration: ""\n'}
[0.342863] (sample) StdoutLine: {'line': b'-- Up-to-date: /workspace/install/sample/share/sample/package.xml\n'}
[0.343659] (pubsub) StdoutLine: {'line': b'-- Up-to-date: /workspace/install/pubsub/share/pubsub/local_setup.sh\n'}
[0.345025] (pubsub) StdoutLine: {'line': b'-- Up-to-date: /workspace/install/pubsub/share/pubsub/local_setup.zsh\n'}
[0.345521] (usb_cam) StdoutLine: {'line': b'-- Up-to-date: /workspace/install/usb_cam/lib/libusb_cam.so\n'}
[0.347011] (pubsub) StdoutLine: {'line': b'-- Up-to-date: /workspace/install/pubsub/share/ament_index/resource_index/packages/pubsub\n'}
[0.348328] (sample) CommandEnded: {'returncode': 0}
[0.350233] (pubsub) StdoutLine: {'line': b'-- Up-to-date: /workspace/install/pubsub/share/pubsub/cmake/pubsubConfig.cmake\n'}
[0.354348] (pubsub) StdoutLine: {'line': b'-- Up-to-date: /workspace/install/pubsub/share/pubsub/cmake/pubsubConfig-version.cmake\n'}
[0.357202] (usb_cam) StdoutLine: {'line': b'-- Up-to-date: /workspace/install/usb_cam/share/ament_index/resource_index/package_run_dependencies/usb_cam\n'}
[0.358665] (pubsub) StdoutLine: {'line': b'-- Up-to-date: /workspace/install/pubsub/share/pubsub/package.xml\n'}
[0.359275] (usb_cam) StdoutLine: {'line': b'-- Up-to-date: /workspace/install/usb_cam/share/ament_index/resource_index/parent_prefix_path/usb_cam\n'}
[0.359877] (usb_cam) StdoutLine: {'line': b'-- Up-to-date: /workspace/install/usb_cam/share/usb_cam/environment/ament_prefix_path.sh\n'}
[0.360661] (usb_cam) StdoutLine: {'line': b'-- Up-to-date: /workspace/install/usb_cam/share/usb_cam/environment/path.sh\n'}
[0.362657] (usb_cam) StdoutLine: {'line': b'-- Up-to-date: /workspace/install/usb_cam/share/usb_cam/local_setup.bash\n'}
[0.363208] (usb_cam) StdoutLine: {'line': b'-- Up-to-date: /workspace/install/usb_cam/share/usb_cam/local_setup.sh\n'}
[0.363639] (usb_cam) StdoutLine: {'line': b'-- Up-to-date: /workspace/install/usb_cam/share/usb_cam/local_setup.zsh\n'}
[0.364984] (usb_cam) StdoutLine: {'line': b'-- Up-to-date: /workspace/install/usb_cam/share/ament_index/resource_index/packages/usb_cam\n'}
[0.365443] (usb_cam) StdoutLine: {'line': b'-- Up-to-date: /workspace/install/usb_cam/share/ament_index/resource_index/rclcpp_components/usb_cam\n'}
[0.365826] (usb_cam) StdoutLine: {'line': b'-- Up-to-date: /workspace/install/usb_cam/share/usb_cam/cmake/usb_camConfig.cmake\n'}
[0.366449] (usb_cam) StdoutLine: {'line': b'-- Up-to-date: /workspace/install/usb_cam/share/usb_cam/cmake/usb_camConfig-version.cmake\n'}
[0.366829] (usb_cam) StdoutLine: {'line': b'-- Up-to-date: /workspace/install/usb_cam/share/usb_cam/package.xml\n'}
[0.399628] (-) TimerEvent: {}
[0.408927] (pubsub) CommandEnded: {'returncode': 0}
[0.450014] (usb_cam) CommandEnded: {'returncode': 0}
[0.500040] (-) TimerEvent: {}
[0.525427] (sample) JobEnded: {'identifier': 'sample', 'rc': 0}
[0.557305] (pubsub) JobEnded: {'identifier': 'pubsub', 'rc': 0}
[0.588385] (usb_cam) JobEnded: {'identifier': 'usb_cam', 'rc': 0}
[0.590484] (-) EventReactorShutdown: {}
