[0.035s] Invoking command in '/workspace/build/usb_cam': CMAKE_PREFIX_PATH=/opt/ros/dashing /usr/bin/cmake --build /workspace/build/usb_cam -- -j8 -l8
[0.124s] [100%] Built target usb_cam
[0.137s] Invoked command in '/workspace/build/usb_cam' returned '0': CMAKE_PREFIX_PATH=/opt/ros/dashing /usr/bin/cmake --build /workspace/build/usb_cam -- -j8 -l8
[0.176s] Invoking command in '/workspace/build/usb_cam': CMAKE_PREFIX_PATH=/opt/ros/dashing /usr/bin/cmake --build /workspace/build/usb_cam --target install -- -j8 -l8
[0.272s] [100%] Built target usb_cam
[0.303s] [36mInstall the project...[0m
[0.317s] -- Install configuration: ""
[0.321s] -- Up-to-date: /workspace/install/usb_cam/lib/libusb_cam.so
[0.333s] -- Up-to-date: /workspace/install/usb_cam/share/ament_index/resource_index/package_run_dependencies/usb_cam
[0.334s] -- Up-to-date: /workspace/install/usb_cam/share/ament_index/resource_index/parent_prefix_path/usb_cam
[0.335s] -- Up-to-date: /workspace/install/usb_cam/share/usb_cam/environment/ament_prefix_path.sh
[0.337s] -- Up-to-date: /workspace/install/usb_cam/share/usb_cam/environment/path.sh
[0.338s] -- Up-to-date: /workspace/install/usb_cam/share/usb_cam/local_setup.bash
[0.338s] -- Up-to-date: /workspace/install/usb_cam/share/usb_cam/local_setup.sh
[0.340s] -- Up-to-date: /workspace/install/usb_cam/share/usb_cam/local_setup.zsh
[0.340s] -- Up-to-date: /workspace/install/usb_cam/share/ament_index/resource_index/packages/usb_cam
[0.340s] -- Up-to-date: /workspace/install/usb_cam/share/ament_index/resource_index/rclcpp_components/usb_cam
[0.341s] -- Up-to-date: /workspace/install/usb_cam/share/usb_cam/cmake/usb_camConfig.cmake
[0.341s] -- Up-to-date: /workspace/install/usb_cam/share/usb_cam/cmake/usb_camConfig-version.cmake
[0.342s] -- Up-to-date: /workspace/install/usb_cam/share/usb_cam/package.xml
[0.432s] Invoked command in '/workspace/build/usb_cam' returned '0': CMAKE_PREFIX_PATH=/opt/ros/dashing /usr/bin/cmake --build /workspace/build/usb_cam --target install -- -j8 -l8
