[0.000000] (-) TimerEvent: {}
[0.000305] (pubsub) JobQueued: {'identifier': 'pubsub', 'dependencies': OrderedDict()}
[0.000534] (sample) JobQueued: {'identifier': 'sample', 'dependencies': OrderedDict()}
[0.001111] (usb_cam) JobQueued: {'identifier': 'usb_cam', 'dependencies': OrderedDict()}
[0.001355] (pubsub) JobStarted: {'identifier': 'pubsub'}
[0.017167] (sample) JobStarted: {'identifier': 'sample'}
[0.026542] (usb_cam) JobStarted: {'identifier': 'usb_cam'}
[0.039438] (pubsub) JobProgress: {'identifier': 'pubsub', 'progress': 'cmake'}
[0.040702] (pubsub) Command: {'cmd': ['/usr/bin/cmake', '/workspace/src/pubsub', '-DCMAKE_INSTALL_PREFIX=/workspace/install/pubsub'], 'cwd': '/workspace/build/pubsub', 'env': OrderedDict([('HOSTNAME', 'c00abfa5d535'), ('LD_LIBRARY_PATH', '/opt/ros/dashing/opt/yaml_cpp_vendor/lib:/opt/ros/dashing/opt/rviz_ogre_vendor/lib:/opt/ros/dashing/lib:/usr/lib/x86_64-linux-gnu:/usr/lib/i386-linux-gnu:/usr/local/nvidia/lib:/usr/local/nvidia/lib64:/usr/local/nvidia/lib:/usr/local/nvidia/lib64'), ('SHLVL', '1'), ('HOME', '/root'), ('OLDPWD', '/root'), ('ROS_PYTHON_VERSION', '3'), ('CUDA_VERSION', '10.2.89'), ('ROS_DISTRO', 'dashing'), ('NVIDIA_REQUIRE_CUDA', 'cuda>=10.2 brand=tesla,driver>=396,driver<397 brand=tesla,driver>=410,driver<411 brand=tesla,driver>=418,driver<419 brand=tesla,driver>=440,driver<441'), ('_', '/usr/bin/colcon'), ('ROS_VERSION', '2'), ('NVIDIA_DRIVER_CAPABILITIES', 'compute,utility,graphics,compat32,utility'), ('TERM', 'xterm'), ('NV_CUDA_CUDART_VERSION', '10.2.89-1'), ('PATH', '/opt/ros/dashing/bin:/usr/local/nvidia/bin:/usr/local/cuda/bin:/usr/local/sbin:/usr/local/bin:/usr/sbin:/usr/bin:/sbin:/bin'), ('NVARCH', 'x86_64'), ('AMENT_PREFIX_PATH', '/opt/ros/dashing'), ('DEBIAN_FRONTEND', 'noninteractive'), ('PWD', '/workspace/build/pubsub'), ('PYTHONPATH', '/opt/ros/dashing/lib/python3.6/site-packages'), ('NVIDIA_VISIBLE_DEVICES', 'all'), ('COLCON', '1'), ('CMAKE_PREFIX_PATH', '/opt/ros/dashing')]), 'shell': False}
[0.046943] (sample) JobProgress: {'identifier': 'sample', 'progress': 'cmake'}
[0.047644] (sample) Command: {'cmd': ['/usr/bin/cmake', '/workspace/src/sample', '-DCMAKE_INSTALL_PREFIX=/workspace/install/sample'], 'cwd': '/workspace/build/sample', 'env': OrderedDict([('HOSTNAME', 'c00abfa5d535'), ('LD_LIBRARY_PATH', '/opt/ros/dashing/opt/yaml_cpp_vendor/lib:/opt/ros/dashing/opt/rviz_ogre_vendor/lib:/opt/ros/dashing/lib:/usr/lib/x86_64-linux-gnu:/usr/lib/i386-linux-gnu:/usr/local/nvidia/lib:/usr/local/nvidia/lib64:/usr/local/nvidia/lib:/usr/local/nvidia/lib64'), ('SHLVL', '1'), ('HOME', '/root'), ('OLDPWD', '/root'), ('ROS_PYTHON_VERSION', '3'), ('CUDA_VERSION', '10.2.89'), ('ROS_DISTRO', 'dashing'), ('NVIDIA_REQUIRE_CUDA', 'cuda>=10.2 brand=tesla,driver>=396,driver<397 brand=tesla,driver>=410,driver<411 brand=tesla,driver>=418,driver<419 brand=tesla,driver>=440,driver<441'), ('_', '/usr/bin/colcon'), ('ROS_VERSION', '2'), ('NVIDIA_DRIVER_CAPABILITIES', 'compute,utility,graphics,compat32,utility'), ('TERM', 'xterm'), ('NV_CUDA_CUDART_VERSION', '10.2.89-1'), ('PATH', '/opt/ros/dashing/bin:/usr/local/nvidia/bin:/usr/local/cuda/bin:/usr/local/sbin:/usr/local/bin:/usr/sbin:/usr/bin:/sbin:/bin'), ('NVARCH', 'x86_64'), ('AMENT_PREFIX_PATH', '/opt/ros/dashing'), ('DEBIAN_FRONTEND', 'noninteractive'), ('PWD', '/workspace/build/sample'), ('PYTHONPATH', '/opt/ros/dashing/lib/python3.6/site-packages'), ('NVIDIA_VISIBLE_DEVICES', 'all'), ('COLCON', '1'), ('CMAKE_PREFIX_PATH', '/opt/ros/dashing')]), 'shell': False}
[0.053138] (usb_cam) JobProgress: {'identifier': 'usb_cam', 'progress': 'cmake'}
[0.053732] (usb_cam) Command: {'cmd': ['/usr/bin/cmake', '/workspace/src/usb_cam', '-DCMAKE_INSTALL_PREFIX=/workspace/install/usb_cam'], 'cwd': '/workspace/build/usb_cam', 'env': OrderedDict([('HOSTNAME', 'c00abfa5d535'), ('LD_LIBRARY_PATH', '/opt/ros/dashing/opt/yaml_cpp_vendor/lib:/opt/ros/dashing/opt/rviz_ogre_vendor/lib:/opt/ros/dashing/lib:/usr/lib/x86_64-linux-gnu:/usr/lib/i386-linux-gnu:/usr/local/nvidia/lib:/usr/local/nvidia/lib64:/usr/local/nvidia/lib:/usr/local/nvidia/lib64'), ('SHLVL', '1'), ('HOME', '/root'), ('OLDPWD', '/root'), ('ROS_PYTHON_VERSION', '3'), ('CUDA_VERSION', '10.2.89'), ('ROS_DISTRO', 'dashing'), ('NVIDIA_REQUIRE_CUDA', 'cuda>=10.2 brand=tesla,driver>=396,driver<397 brand=tesla,driver>=410,driver<411 brand=tesla,driver>=418,driver<419 brand=tesla,driver>=440,driver<441'), ('_', '/usr/bin/colcon'), ('ROS_VERSION', '2'), ('NVIDIA_DRIVER_CAPABILITIES', 'compute,utility,graphics,compat32,utility'), ('TERM', 'xterm'), ('NV_CUDA_CUDART_VERSION', '10.2.89-1'), ('PATH', '/opt/ros/dashing/bin:/usr/local/nvidia/bin:/usr/local/cuda/bin:/usr/local/sbin:/usr/local/bin:/usr/sbin:/usr/bin:/sbin:/bin'), ('NVARCH', 'x86_64'), ('AMENT_PREFIX_PATH', '/opt/ros/dashing'), ('DEBIAN_FRONTEND', 'noninteractive'), ('PWD', '/workspace/build/usb_cam'), ('PYTHONPATH', '/opt/ros/dashing/lib/python3.6/site-packages'), ('NVIDIA_VISIBLE_DEVICES', 'all'), ('COLCON', '1'), ('CMAKE_PREFIX_PATH', '/opt/ros/dashing')]), 'shell': False}
[0.099366] (-) TimerEvent: {}
[0.199757] (-) TimerEvent: {}
[0.221773] (usb_cam) StdoutLine: {'line': b'-- The C compiler identification is GNU 7.5.0\n'}
[0.222623] (pubsub) StdoutLine: {'line': b'-- The C compiler identification is GNU 7.5.0\n'}
[0.224424] (sample) StdoutLine: {'line': b'-- The C compiler identification is GNU 7.5.0\n'}
[0.299875] (-) TimerEvent: {}
[0.315969] (usb_cam) StdoutLine: {'line': b'-- The CXX compiler identification is GNU 7.5.0\n'}
[0.321086] (pubsub) StdoutLine: {'line': b'-- The CXX compiler identification is GNU 7.5.0\n'}
[0.323130] (sample) StdoutLine: {'line': b'-- The CXX compiler identification is GNU 7.5.0\n'}
[0.328165] (usb_cam) StdoutLine: {'line': b'-- Check for working C compiler: /usr/bin/cc\n'}
[0.331122] (pubsub) StdoutLine: {'line': b'-- Check for working C compiler: /usr/bin/cc\n'}
[0.332431] (sample) StdoutLine: {'line': b'-- Check for working C compiler: /usr/bin/cc\n'}
[0.399980] (-) TimerEvent: {}
[0.472575] (pubsub) StdoutLine: {'line': b'-- Check for working C compiler: /usr/bin/cc -- works\n'}
[0.474716] (pubsub) StdoutLine: {'line': b'-- Detecting C compiler ABI info\n'}
[0.482098] (sample) StdoutLine: {'line': b'-- Check for working C compiler: /usr/bin/cc -- works\n'}
[0.482511] (usb_cam) StdoutLine: {'line': b'-- Check for working C compiler: /usr/bin/cc -- works\n'}
[0.483753] (sample) StdoutLine: {'line': b'-- Detecting C compiler ABI info\n'}
[0.484119] (usb_cam) StdoutLine: {'line': b'-- Detecting C compiler ABI info\n'}
[0.500087] (-) TimerEvent: {}
[0.600458] (-) TimerEvent: {}
[0.613339] (pubsub) StdoutLine: {'line': b'-- Detecting C compiler ABI info - done\n'}
[0.625474] (pubsub) StdoutLine: {'line': b'-- Detecting C compile features\n'}
[0.626412] (sample) StdoutLine: {'line': b'-- Detecting C compiler ABI info - done\n'}
[0.629218] (usb_cam) StdoutLine: {'line': b'-- Detecting C compiler ABI info - done\n'}
[0.638125] (sample) StdoutLine: {'line': b'-- Detecting C compile features\n'}
[0.640960] (usb_cam) StdoutLine: {'line': b'-- Detecting C compile features\n'}
[0.700563] (-) TimerEvent: {}
[0.801050] (-) TimerEvent: {}
[0.901400] (-) TimerEvent: {}
[1.001758] (-) TimerEvent: {}
[1.102134] (-) TimerEvent: {}
[1.125525] (pubsub) StdoutLine: {'line': b'-- Detecting C compile features - done\n'}
[1.134258] (pubsub) StdoutLine: {'line': b'-- Check for working CXX compiler: /usr/bin/c++\n'}
[1.151834] (sample) StdoutLine: {'line': b'-- Detecting C compile features - done\n'}
[1.160641] (sample) StdoutLine: {'line': b'-- Check for working CXX compiler: /usr/bin/c++\n'}
[1.161251] (usb_cam) StdoutLine: {'line': b'-- Detecting C compile features - done\n'}
[1.170081] (usb_cam) StdoutLine: {'line': b'-- Check for working CXX compiler: /usr/bin/c++\n'}
[1.202248] (-) TimerEvent: {}
[1.296142] (pubsub) StdoutLine: {'line': b'-- Check for working CXX compiler: /usr/bin/c++ -- works\n'}
[1.297734] (pubsub) StdoutLine: {'line': b'-- Detecting CXX compiler ABI info\n'}
[1.302356] (-) TimerEvent: {}
[1.326527] (sample) StdoutLine: {'line': b'-- Check for working CXX compiler: /usr/bin/c++ -- works\n'}
[1.328663] (sample) StdoutLine: {'line': b'-- Detecting CXX compiler ABI info\n'}
[1.333052] (usb_cam) StdoutLine: {'line': b'-- Check for working CXX compiler: /usr/bin/c++ -- works\n'}
[1.334673] (usb_cam) StdoutLine: {'line': b'-- Detecting CXX compiler ABI info\n'}
[1.402463] (-) TimerEvent: {}
[1.451836] (pubsub) StdoutLine: {'line': b'-- Detecting CXX compiler ABI info - done\n'}
[1.461442] (pubsub) StdoutLine: {'line': b'-- Detecting CXX compile features\n'}
[1.492275] (usb_cam) StdoutLine: {'line': b'-- Detecting CXX compiler ABI info - done\n'}
[1.493497] (sample) StdoutLine: {'line': b'-- Detecting CXX compiler ABI info - done\n'}
[1.502570] (-) TimerEvent: {}
[1.502921] (usb_cam) StdoutLine: {'line': b'-- Detecting CXX compile features\n'}
[1.504722] (sample) StdoutLine: {'line': b'-- Detecting CXX compile features\n'}
[1.602666] (-) TimerEvent: {}
[1.703034] (-) TimerEvent: {}
[1.803361] (-) TimerEvent: {}
[1.903719] (-) TimerEvent: {}
[2.004133] (-) TimerEvent: {}
[2.104529] (-) TimerEvent: {}
[2.204882] (-) TimerEvent: {}
[2.305315] (-) TimerEvent: {}
[2.405788] (-) TimerEvent: {}
[2.506361] (-) TimerEvent: {}
[2.608908] (-) TimerEvent: {}
[2.676749] (pubsub) StdoutLine: {'line': b'-- Detecting CXX compile features - done\n'}
[2.684801] (pubsub) StdoutLine: {'line': b'-- Found ament_cmake: 0.7.6 (/opt/ros/dashing/share/ament_cmake/cmake)\n'}
[2.708999] (-) TimerEvent: {}
[2.727480] (pubsub) StdoutLine: {'line': b'-- Found PythonInterp: /usr/bin/python3 (found suitable version "3.6.9", minimum required is "3") \n'}
[2.727892] (pubsub) StdoutLine: {'line': b'-- Using PYTHON_EXECUTABLE: /usr/bin/python3\n'}
[2.805750] (sample) StdoutLine: {'line': b'-- Detecting CXX compile features - done\n'}
[2.809100] (-) TimerEvent: {}
[2.813472] (sample) StdoutLine: {'line': b'-- Found ament_cmake: 0.7.6 (/opt/ros/dashing/share/ament_cmake/cmake)\n'}
[2.815197] (usb_cam) StdoutLine: {'line': b'-- Detecting CXX compile features - done\n'}
[2.820332] (usb_cam) StdoutLine: {'line': b'-- Found ament_cmake: 0.7.6 (/opt/ros/dashing/share/ament_cmake/cmake)\n'}
[2.854785] (sample) StdoutLine: {'line': b'-- Found PythonInterp: /usr/bin/python3 (found suitable version "3.6.9", minimum required is "3") \n'}
[2.855205] (sample) StdoutLine: {'line': b'-- Using PYTHON_EXECUTABLE: /usr/bin/python3\n'}
[2.859243] (usb_cam) StdoutLine: {'line': b'-- Found PythonInterp: /usr/bin/python3 (found suitable version "3.6.9", minimum required is "3") \n'}
[2.859686] (usb_cam) StdoutLine: {'line': b'-- Using PYTHON_EXECUTABLE: /usr/bin/python3\n'}
[2.909203] (-) TimerEvent: {}
[3.009580] (-) TimerEvent: {}
[3.066415] (pubsub) StdoutLine: {'line': b'-- Found rclcpp: 0.7.16 (/opt/ros/dashing/share/rclcpp/cmake)\n'}
[3.098010] (pubsub) StdoutLine: {'line': b'-- Found rosidl_adapter: 0.7.10 (/opt/ros/dashing/share/rosidl_adapter/cmake)\n'}
[3.109739] (-) TimerEvent: {}
[3.160170] (usb_cam) StdoutLine: {'line': b'-- Found rclcpp: 0.7.16 (/opt/ros/dashing/share/rclcpp/cmake)\n'}
[3.161912] (sample) StdoutLine: {'line': b'-- Found rclcpp: 0.7.16 (/opt/ros/dashing/share/rclcpp/cmake)\n'}
[3.180249] (pubsub) StdoutLine: {'line': b'-- Found rmw_implementation_cmake: 0.7.2 (/opt/ros/dashing/share/rmw_implementation_cmake/cmake)\n'}
[3.184216] (pubsub) StdoutLine: {'line': b"-- Using RMW implementation 'rmw_fastrtps_cpp' as default\n"}
[3.187754] (pubsub) StdoutLine: {'line': b'-- Looking for pthread.h\n'}
[3.192449] (sample) StdoutLine: {'line': b'-- Found rosidl_adapter: 0.7.10 (/opt/ros/dashing/share/rosidl_adapter/cmake)\n'}
[3.192959] (usb_cam) StdoutLine: {'line': b'-- Found rosidl_adapter: 0.7.10 (/opt/ros/dashing/share/rosidl_adapter/cmake)\n'}
[3.209822] (-) TimerEvent: {}
[3.249749] (sample) StdoutLine: {'line': b'-- Found rmw_implementation_cmake: 0.7.2 (/opt/ros/dashing/share/rmw_implementation_cmake/cmake)\n'}
[3.250182] (usb_cam) StdoutLine: {'line': b'-- Found rmw_implementation_cmake: 0.7.2 (/opt/ros/dashing/share/rmw_implementation_cmake/cmake)\n'}
[3.251111] (sample) StdoutLine: {'line': b"-- Using RMW implementation 'rmw_fastrtps_cpp' as default\n"}
[3.252327] (usb_cam) StdoutLine: {'line': b"-- Using RMW implementation 'rmw_fastrtps_cpp' as default\n"}
[3.254194] (sample) StdoutLine: {'line': b'-- Looking for pthread.h\n'}
[3.255879] (usb_cam) StdoutLine: {'line': b'-- Looking for pthread.h\n'}
[3.309948] (-) TimerEvent: {}
[3.326712] (pubsub) StdoutLine: {'line': b'-- Looking for pthread.h - found\n'}
[3.330529] (pubsub) StdoutLine: {'line': b'-- Looking for pthread_create\n'}
[3.405538] (sample) StdoutLine: {'line': b'-- Looking for pthread.h - found\n'}
[3.410037] (-) TimerEvent: {}
[3.410952] (usb_cam) StdoutLine: {'line': b'-- Looking for pthread.h - found\n'}
[3.411770] (sample) StdoutLine: {'line': b'-- Looking for pthread_create\n'}
[3.414750] (usb_cam) StdoutLine: {'line': b'-- Looking for pthread_create\n'}
[3.472481] (pubsub) StdoutLine: {'line': b'-- Looking for pthread_create - not found\n'}
[3.475118] (pubsub) StdoutLine: {'line': b'-- Looking for pthread_create in pthreads\n'}
[3.510154] (-) TimerEvent: {}
[3.567594] (sample) StdoutLine: {'line': b'-- Looking for pthread_create - not found\n'}
[3.568174] (sample) StdoutLine: {'line': b'-- Looking for pthread_create in pthreads\n'}
[3.571054] (usb_cam) StdoutLine: {'line': b'-- Looking for pthread_create - not found\n'}
[3.571756] (usb_cam) StdoutLine: {'line': b'-- Looking for pthread_create in pthreads\n'}
[3.593015] (pubsub) StdoutLine: {'line': b'-- Looking for pthread_create in pthreads - not found\n'}
[3.594248] (pubsub) StdoutLine: {'line': b'-- Looking for pthread_create in pthread\n'}
[3.610262] (-) TimerEvent: {}
[3.683743] (sample) StdoutLine: {'line': b'-- Looking for pthread_create in pthreads - not found\n'}
[3.684291] (usb_cam) StdoutLine: {'line': b'-- Looking for pthread_create in pthreads - not found\n'}
[3.684626] (sample) StdoutLine: {'line': b'-- Looking for pthread_create in pthread\n'}
[3.684919] (usb_cam) StdoutLine: {'line': b'-- Looking for pthread_create in pthread\n'}
[3.710361] (-) TimerEvent: {}
[3.729847] (pubsub) StdoutLine: {'line': b'-- Looking for pthread_create in pthread - found\n'}
[3.731982] (pubsub) StdoutLine: {'line': b'-- Found Threads: TRUE  \n'}
[3.788763] (pubsub) StdoutLine: {'line': b'-- Found std_msgs: 0.7.1 (/opt/ros/dashing/share/std_msgs/cmake)\n'}
[3.810569] (-) TimerEvent: {}
[3.833978] (usb_cam) StdoutLine: {'line': b'-- Looking for pthread_create in pthread - found\n'}
[3.834447] (sample) StdoutLine: {'line': b'-- Looking for pthread_create in pthread - found\n'}
[3.836357] (usb_cam) StdoutLine: {'line': b'-- Found Threads: TRUE  \n'}
[3.836804] (sample) StdoutLine: {'line': b'-- Found Threads: TRUE  \n'}
[3.837828] (pubsub) StdoutLine: {'line': b'-- Found ament_lint_auto: 0.7.12 (/opt/ros/dashing/share/ament_lint_auto/cmake)\n'}
[3.879383] (usb_cam) StdoutLine: {'line': b'-- Found sensor_msgs: 0.7.1 (/opt/ros/dashing/share/sensor_msgs/cmake)\n'}
[3.888066] (sample) StdoutLine: {'line': b'-- Found ament_lint_auto: 0.7.12 (/opt/ros/dashing/share/ament_lint_auto/cmake)\n'}
[3.910645] (-) TimerEvent: {}
[3.924680] (usb_cam) StdoutLine: {'line': b'-- Found cv_bridge: 2.1.4 (/opt/ros/dashing/share/cv_bridge/cmake)\n'}
[3.962706] (usb_cam) StdoutLine: {'line': b'-- Found OpenCV: /usr (found version "3.2.0") found components:  core highgui videoio \n'}
[3.965429] (usb_cam) StdoutLine: {'line': b'-- Found rclcpp_components: 0.7.16 (/opt/ros/dashing/share/rclcpp_components/cmake)\n'}
[3.974341] (usb_cam) StdoutLine: {'line': b'-- Found poco_vendor:  (/opt/ros/dashing/share/poco_vendor/cmake)\n'}
[4.010736] (-) TimerEvent: {}
[4.049642] (pubsub) StdoutLine: {'line': b"-- Added test 'copyright' to check for copyright in CMake / C / C++ / Python code\n"}
[4.058726] (pubsub) StdoutLine: {'line': b"-- Added test 'cppcheck' to perform static code analysis on C / C++ code\n"}
[4.059163] (pubsub) StdoutLine: {'line': b'-- Configured cppcheck include dirs: \n'}
[4.064066] (sample) StdoutLine: {'line': b"-- Added test 'copyright' to check for copyright in CMake / C / C++ / Python code\n"}
[4.069524] (pubsub) StdoutLine: {'line': b"-- Added test 'cpplint' to check C / C++ code against the Google style\n"}
[4.072716] (sample) StdoutLine: {'line': b"-- Added test 'cppcheck' to perform static code analysis on C / C++ code\n"}
[4.073382] (sample) StdoutLine: {'line': b'-- Configured cppcheck include dirs: \n'}
[4.075328] (pubsub) StdoutLine: {'line': b"-- Added test 'lint_cmake' to check CMake code style\n"}
[4.080840] (sample) StdoutLine: {'line': b"-- Added test 'cpplint' to check C / C++ code against the Google style\n"}
[4.084150] (sample) StdoutLine: {'line': b"-- Added test 'lint_cmake' to check CMake code style\n"}
[4.084759] (pubsub) StdoutLine: {'line': b"-- Added test 'uncrustify' to check C / C++ code style\n"}
[4.086677] (pubsub) StdoutLine: {'line': b"-- Added test 'xmllint' to check XML markup files\n"}
[4.093888] (sample) StdoutLine: {'line': b"-- Added test 'uncrustify' to check C / C++ code style\n"}
[4.096235] (sample) StdoutLine: {'line': b"-- Added test 'xmllint' to check XML markup files\n"}
[4.098939] (pubsub) StdoutLine: {'line': b'-- Configuring done\n'}
[4.109768] (sample) StdoutLine: {'line': b'-- Configuring done\n'}
[4.110805] (-) TimerEvent: {}
[4.155922] (sample) StdoutLine: {'line': b'-- Generating done\n'}
[4.168601] (sample) StdoutLine: {'line': b'-- Build files have been written to: /workspace/build/sample\n'}
[4.170160] (pubsub) StdoutLine: {'line': b'-- Generating done\n'}
[4.174784] (sample) CommandEnded: {'returncode': 0}
[4.176173] (sample) JobProgress: {'identifier': 'sample', 'progress': 'build'}
[4.180132] (sample) Command: {'cmd': ['/usr/bin/cmake', '--build', '/workspace/build/sample', '--', '-j8', '-l8'], 'cwd': '/workspace/build/sample', 'env': OrderedDict([('HOSTNAME', 'c00abfa5d535'), ('LD_LIBRARY_PATH', '/opt/ros/dashing/opt/yaml_cpp_vendor/lib:/opt/ros/dashing/opt/rviz_ogre_vendor/lib:/opt/ros/dashing/lib:/usr/lib/x86_64-linux-gnu:/usr/lib/i386-linux-gnu:/usr/local/nvidia/lib:/usr/local/nvidia/lib64:/usr/local/nvidia/lib:/usr/local/nvidia/lib64'), ('SHLVL', '1'), ('HOME', '/root'), ('OLDPWD', '/root'), ('ROS_PYTHON_VERSION', '3'), ('CUDA_VERSION', '10.2.89'), ('ROS_DISTRO', 'dashing'), ('NVIDIA_REQUIRE_CUDA', 'cuda>=10.2 brand=tesla,driver>=396,driver<397 brand=tesla,driver>=410,driver<411 brand=tesla,driver>=418,driver<419 brand=tesla,driver>=440,driver<441'), ('_', '/usr/bin/colcon'), ('ROS_VERSION', '2'), ('NVIDIA_DRIVER_CAPABILITIES', 'compute,utility,graphics,compat32,utility'), ('TERM', 'xterm'), ('NV_CUDA_CUDART_VERSION', '10.2.89-1'), ('PATH', '/opt/ros/dashing/bin:/usr/local/nvidia/bin:/usr/local/cuda/bin:/usr/local/sbin:/usr/local/bin:/usr/sbin:/usr/bin:/sbin:/bin'), ('NVARCH', 'x86_64'), ('AMENT_PREFIX_PATH', '/opt/ros/dashing'), ('DEBIAN_FRONTEND', 'noninteractive'), ('PWD', '/workspace/build/sample'), ('PYTHONPATH', '/opt/ros/dashing/lib/python3.6/site-packages'), ('NVIDIA_VISIBLE_DEVICES', 'all'), ('COLCON', '1'), ('CMAKE_PREFIX_PATH', '/opt/ros/dashing')]), 'shell': False}
[4.185700] (pubsub) StdoutLine: {'line': b'-- Build files have been written to: /workspace/build/pubsub\n'}
[4.190180] (pubsub) CommandEnded: {'returncode': 0}
[4.191430] (pubsub) JobProgress: {'identifier': 'pubsub', 'progress': 'build'}
[4.191968] (pubsub) Command: {'cmd': ['/usr/bin/cmake', '--build', '/workspace/build/pubsub', '--', '-j8', '-l8'], 'cwd': '/workspace/build/pubsub', 'env': OrderedDict([('HOSTNAME', 'c00abfa5d535'), ('LD_LIBRARY_PATH', '/opt/ros/dashing/opt/yaml_cpp_vendor/lib:/opt/ros/dashing/opt/rviz_ogre_vendor/lib:/opt/ros/dashing/lib:/usr/lib/x86_64-linux-gnu:/usr/lib/i386-linux-gnu:/usr/local/nvidia/lib:/usr/local/nvidia/lib64:/usr/local/nvidia/lib:/usr/local/nvidia/lib64'), ('SHLVL', '1'), ('HOME', '/root'), ('OLDPWD', '/root'), ('ROS_PYTHON_VERSION', '3'), ('CUDA_VERSION', '10.2.89'), ('ROS_DISTRO', 'dashing'), ('NVIDIA_REQUIRE_CUDA', 'cuda>=10.2 brand=tesla,driver>=396,driver<397 brand=tesla,driver>=410,driver<411 brand=tesla,driver>=418,driver<419 brand=tesla,driver>=440,driver<441'), ('_', '/usr/bin/colcon'), ('ROS_VERSION', '2'), ('NVIDIA_DRIVER_CAPABILITIES', 'compute,utility,graphics,compat32,utility'), ('TERM', 'xterm'), ('NV_CUDA_CUDART_VERSION', '10.2.89-1'), ('PATH', '/opt/ros/dashing/bin:/usr/local/nvidia/bin:/usr/local/cuda/bin:/usr/local/sbin:/usr/local/bin:/usr/sbin:/usr/bin:/sbin:/bin'), ('NVARCH', 'x86_64'), ('AMENT_PREFIX_PATH', '/opt/ros/dashing'), ('DEBIAN_FRONTEND', 'noninteractive'), ('PWD', '/workspace/build/pubsub'), ('PYTHONPATH', '/opt/ros/dashing/lib/python3.6/site-packages'), ('NVIDIA_VISIBLE_DEVICES', 'all'), ('COLCON', '1'), ('CMAKE_PREFIX_PATH', '/opt/ros/dashing')]), 'shell': False}
[4.210962] (-) TimerEvent: {}
[4.248310] (usb_cam) StdoutLine: {'line': b'-- Configuring done\n'}
[4.250169] (sample) StdoutLine: {'line': b'\x1b[35m\x1b[1mScanning dependencies of target sample_package\x1b[0m\n'}
[4.256180] (pubsub) StdoutLine: {'line': b'\x1b[35m\x1b[1mScanning dependencies of target publisher\x1b[0m\n'}
[4.256804] (pubsub) StdoutLine: {'line': b'\x1b[35m\x1b[1mScanning dependencies of target subscriber\x1b[0m\n'}
[4.311055] (-) TimerEvent: {}
[4.327324] (usb_cam) StdoutLine: {'line': b'-- Generating done\n'}
[4.345643] (usb_cam) StdoutLine: {'line': b'-- Build files have been written to: /workspace/build/usb_cam\n'}
[4.350427] (usb_cam) CommandEnded: {'returncode': 0}
[4.351805] (usb_cam) JobProgress: {'identifier': 'usb_cam', 'progress': 'build'}
[4.352694] (usb_cam) Command: {'cmd': ['/usr/bin/cmake', '--build', '/workspace/build/usb_cam', '--', '-j8', '-l8'], 'cwd': '/workspace/build/usb_cam', 'env': OrderedDict([('HOSTNAME', 'c00abfa5d535'), ('LD_LIBRARY_PATH', '/opt/ros/dashing/opt/yaml_cpp_vendor/lib:/opt/ros/dashing/opt/rviz_ogre_vendor/lib:/opt/ros/dashing/lib:/usr/lib/x86_64-linux-gnu:/usr/lib/i386-linux-gnu:/usr/local/nvidia/lib:/usr/local/nvidia/lib64:/usr/local/nvidia/lib:/usr/local/nvidia/lib64'), ('SHLVL', '1'), ('HOME', '/root'), ('OLDPWD', '/root'), ('ROS_PYTHON_VERSION', '3'), ('CUDA_VERSION', '10.2.89'), ('ROS_DISTRO', 'dashing'), ('NVIDIA_REQUIRE_CUDA', 'cuda>=10.2 brand=tesla,driver>=396,driver<397 brand=tesla,driver>=410,driver<411 brand=tesla,driver>=418,driver<419 brand=tesla,driver>=440,driver<441'), ('_', '/usr/bin/colcon'), ('ROS_VERSION', '2'), ('NVIDIA_DRIVER_CAPABILITIES', 'compute,utility,graphics,compat32,utility'), ('TERM', 'xterm'), ('NV_CUDA_CUDART_VERSION', '10.2.89-1'), ('PATH', '/opt/ros/dashing/bin:/usr/local/nvidia/bin:/usr/local/cuda/bin:/usr/local/sbin:/usr/local/bin:/usr/sbin:/usr/bin:/sbin:/bin'), ('NVARCH', 'x86_64'), ('AMENT_PREFIX_PATH', '/opt/ros/dashing'), ('DEBIAN_FRONTEND', 'noninteractive'), ('PWD', '/workspace/build/usb_cam'), ('PYTHONPATH', '/opt/ros/dashing/lib/python3.6/site-packages'), ('NVIDIA_VISIBLE_DEVICES', 'all'), ('COLCON', '1'), ('CMAKE_PREFIX_PATH', '/opt/ros/dashing')]), 'shell': False}
[4.411204] (-) TimerEvent: {}
[4.439272] (usb_cam) StdoutLine: {'line': b'\x1b[35m\x1b[1mScanning dependencies of target usb_cam\x1b[0m\n'}
[4.511304] (-) TimerEvent: {}
[4.611767] (-) TimerEvent: {}
[4.665318] (pubsub) StdoutLine: {'line': b'[ 25%] \x1b[32mBuilding CXX object CMakeFiles/publisher.dir/src/publisher.cpp.o\x1b[0m\n'}
[4.667384] (pubsub) StdoutLine: {'line': b'[ 50%] \x1b[32mBuilding CXX object CMakeFiles/subscriber.dir/src/subscriber.cpp.o\x1b[0m\n'}
[4.668458] (sample) StdoutLine: {'line': b'[ 50%] \x1b[32mBuilding CXX object CMakeFiles/sample_package.dir/src/sample.cpp.o\x1b[0m\n'}
[4.711877] (-) TimerEvent: {}
[4.812355] (-) TimerEvent: {}
[4.912785] (-) TimerEvent: {}
[4.920911] (usb_cam) StdoutLine: {'line': b'[ 33%] \x1b[32mBuilding CXX object CMakeFiles/usb_cam.dir/src/image_subscriber.cpp.o\x1b[0m\n'}
[4.928841] (usb_cam) StdoutLine: {'line': b'[ 66%] \x1b[32mBuilding CXX object CMakeFiles/usb_cam.dir/src/usb_cam.cpp.o\x1b[0m\n'}
[5.014691] (-) TimerEvent: {}
[5.115124] (-) TimerEvent: {}
[5.215535] (-) TimerEvent: {}
[5.324169] (-) TimerEvent: {}
[5.426619] (-) TimerEvent: {}
[5.527125] (-) TimerEvent: {}
[5.632005] (-) TimerEvent: {}
[5.732597] (-) TimerEvent: {}
[5.833242] (-) TimerEvent: {}
[5.933677] (-) TimerEvent: {}
[6.034128] (-) TimerEvent: {}
[6.135267] (-) TimerEvent: {}
[6.235776] (-) TimerEvent: {}
[6.344004] (-) TimerEvent: {}
[6.444984] (-) TimerEvent: {}
[6.545828] (-) TimerEvent: {}
[6.646751] (-) TimerEvent: {}
[6.747880] (-) TimerEvent: {}
[6.849600] (-) TimerEvent: {}
[6.950059] (-) TimerEvent: {}
[7.050527] (-) TimerEvent: {}
[7.151154] (-) TimerEvent: {}
[7.251638] (-) TimerEvent: {}
[7.352316] (-) TimerEvent: {}
[7.452771] (-) TimerEvent: {}
[7.553419] (-) TimerEvent: {}
[7.653914] (-) TimerEvent: {}
[7.754333] (-) TimerEvent: {}
[7.820150] (sample) StdoutLine: {'line': b'[100%] \x1b[32m\x1b[1mLinking CXX executable sample_package\x1b[0m\n'}
[7.854481] (-) TimerEvent: {}
[7.955001] (-) TimerEvent: {}
[8.056243] (-) TimerEvent: {}
[8.157339] (-) TimerEvent: {}
[8.257981] (-) TimerEvent: {}
[8.358832] (-) TimerEvent: {}
[8.436172] (sample) StdoutLine: {'line': b'[100%] Built target sample_package\n'}
[8.459019] (-) TimerEvent: {}
[8.491645] (sample) CommandEnded: {'returncode': 0}
[8.559676] (-) TimerEvent: {}
[8.661510] (sample) JobProgress: {'identifier': 'sample', 'progress': 'install'}
[8.662331] (-) TimerEvent: {}
[8.698510] (sample) Command: {'cmd': ['/usr/bin/cmake', '--build', '/workspace/build/sample', '--target', 'install', '--', '-j8', '-l8'], 'cwd': '/workspace/build/sample', 'env': OrderedDict([('HOSTNAME', 'c00abfa5d535'), ('LD_LIBRARY_PATH', '/opt/ros/dashing/opt/yaml_cpp_vendor/lib:/opt/ros/dashing/opt/rviz_ogre_vendor/lib:/opt/ros/dashing/lib:/usr/lib/x86_64-linux-gnu:/usr/lib/i386-linux-gnu:/usr/local/nvidia/lib:/usr/local/nvidia/lib64:/usr/local/nvidia/lib:/usr/local/nvidia/lib64'), ('SHLVL', '1'), ('HOME', '/root'), ('OLDPWD', '/root'), ('ROS_PYTHON_VERSION', '3'), ('CUDA_VERSION', '10.2.89'), ('ROS_DISTRO', 'dashing'), ('NVIDIA_REQUIRE_CUDA', 'cuda>=10.2 brand=tesla,driver>=396,driver<397 brand=tesla,driver>=410,driver<411 brand=tesla,driver>=418,driver<419 brand=tesla,driver>=440,driver<441'), ('_', '/usr/bin/colcon'), ('ROS_VERSION', '2'), ('NVIDIA_DRIVER_CAPABILITIES', 'compute,utility,graphics,compat32,utility'), ('TERM', 'xterm'), ('NV_CUDA_CUDART_VERSION', '10.2.89-1'), ('PATH', '/opt/ros/dashing/bin:/usr/local/nvidia/bin:/usr/local/cuda/bin:/usr/local/sbin:/usr/local/bin:/usr/sbin:/usr/bin:/sbin:/bin'), ('NVARCH', 'x86_64'), ('AMENT_PREFIX_PATH', '/opt/ros/dashing'), ('DEBIAN_FRONTEND', 'noninteractive'), ('PWD', '/workspace/build/sample'), ('PYTHONPATH', '/opt/ros/dashing/lib/python3.6/site-packages'), ('NVIDIA_VISIBLE_DEVICES', 'all'), ('COLCON', '1'), ('CMAKE_PREFIX_PATH', '/opt/ros/dashing')]), 'shell': False}
[8.762536] (-) TimerEvent: {}
[8.855077] (sample) StdoutLine: {'line': b'[100%] Built target sample_package\n'}
[8.862644] (-) TimerEvent: {}
[8.898307] (sample) StdoutLine: {'line': b'\x1b[36mInstall the project...\x1b[0m\n'}
[8.915111] (sample) StdoutLine: {'line': b'-- Install configuration: ""\n'}
[8.916480] (sample) StdoutLine: {'line': b'-- Installing: /workspace/install/sample/lib/sample/sample_package\n'}
[8.921256] (sample) StdoutLine: {'line': b'-- Set runtime path of "/workspace/install/sample/lib/sample/sample_package" to ""\n'}
[8.925545] (sample) StdoutLine: {'line': b'-- Installing: /workspace/install/sample/share/ament_index/resource_index/package_run_dependencies/sample\n'}
[8.930437] (sample) StdoutLine: {'line': b'-- Installing: /workspace/install/sample/share/ament_index/resource_index/parent_prefix_path/sample\n'}
[8.935483] (sample) StdoutLine: {'line': b'-- Installing: /workspace/install/sample/share/sample/environment/ament_prefix_path.sh\n'}
[8.937059] (sample) StdoutLine: {'line': b'-- Installing: /workspace/install/sample/share/sample/environment/path.sh\n'}
[8.940765] (sample) StdoutLine: {'line': b'-- Installing: /workspace/install/sample/share/sample/local_setup.bash\n'}
[8.943903] (sample) StdoutLine: {'line': b'-- Installing: /workspace/install/sample/share/sample/local_setup.sh\n'}
[8.946770] (sample) StdoutLine: {'line': b'-- Installing: /workspace/install/sample/share/sample/local_setup.zsh\n'}
[8.950860] (sample) StdoutLine: {'line': b'-- Installing: /workspace/install/sample/share/ament_index/resource_index/packages/sample\n'}
[8.953851] (sample) StdoutLine: {'line': b'-- Installing: /workspace/install/sample/share/sample/cmake/sampleConfig.cmake\n'}
[8.957393] (sample) StdoutLine: {'line': b'-- Installing: /workspace/install/sample/share/sample/cmake/sampleConfig-version.cmake\n'}
[8.960990] (sample) StdoutLine: {'line': b'-- Installing: /workspace/install/sample/share/sample/package.xml\n'}
[8.962745] (-) TimerEvent: {}
[8.969643] (sample) CommandEnded: {'returncode': 0}
[9.062921] (-) TimerEvent: {}
[9.114640] (sample) JobEnded: {'identifier': 'sample', 'rc': 0}
[9.163007] (-) TimerEvent: {}
[9.249369] (pubsub) StdoutLine: {'line': b'[ 75%] \x1b[32m\x1b[1mLinking CXX executable publisher\x1b[0m\n'}
[9.263147] (-) TimerEvent: {}
[9.363598] (-) TimerEvent: {}
[9.464146] (-) TimerEvent: {}
[9.564760] (-) TimerEvent: {}
[9.594208] (pubsub) StdoutLine: {'line': b'[ 75%] Built target publisher\n'}
[9.602013] (pubsub) StdoutLine: {'line': b'[100%] \x1b[32m\x1b[1mLinking CXX executable subscriber\x1b[0m\n'}
[9.664899] (-) TimerEvent: {}
[9.765438] (-) TimerEvent: {}
[9.865882] (-) TimerEvent: {}
[9.898918] (pubsub) StdoutLine: {'line': b'[100%] Built target subscriber\n'}
[9.914230] (pubsub) CommandEnded: {'returncode': 0}
[9.964702] (pubsub) JobProgress: {'identifier': 'pubsub', 'progress': 'install'}
[9.966077] (pubsub) Command: {'cmd': ['/usr/bin/cmake', '--build', '/workspace/build/pubsub', '--target', 'install', '--', '-j8', '-l8'], 'cwd': '/workspace/build/pubsub', 'env': OrderedDict([('HOSTNAME', 'c00abfa5d535'), ('LD_LIBRARY_PATH', '/opt/ros/dashing/opt/yaml_cpp_vendor/lib:/opt/ros/dashing/opt/rviz_ogre_vendor/lib:/opt/ros/dashing/lib:/usr/lib/x86_64-linux-gnu:/usr/lib/i386-linux-gnu:/usr/local/nvidia/lib:/usr/local/nvidia/lib64:/usr/local/nvidia/lib:/usr/local/nvidia/lib64'), ('SHLVL', '1'), ('HOME', '/root'), ('OLDPWD', '/root'), ('ROS_PYTHON_VERSION', '3'), ('CUDA_VERSION', '10.2.89'), ('ROS_DISTRO', 'dashing'), ('NVIDIA_REQUIRE_CUDA', 'cuda>=10.2 brand=tesla,driver>=396,driver<397 brand=tesla,driver>=410,driver<411 brand=tesla,driver>=418,driver<419 brand=tesla,driver>=440,driver<441'), ('_', '/usr/bin/colcon'), ('ROS_VERSION', '2'), ('NVIDIA_DRIVER_CAPABILITIES', 'compute,utility,graphics,compat32,utility'), ('TERM', 'xterm'), ('NV_CUDA_CUDART_VERSION', '10.2.89-1'), ('PATH', '/opt/ros/dashing/bin:/usr/local/nvidia/bin:/usr/local/cuda/bin:/usr/local/sbin:/usr/local/bin:/usr/sbin:/usr/bin:/sbin:/bin'), ('NVARCH', 'x86_64'), ('AMENT_PREFIX_PATH', '/opt/ros/dashing'), ('DEBIAN_FRONTEND', 'noninteractive'), ('PWD', '/workspace/build/pubsub'), ('PYTHONPATH', '/opt/ros/dashing/lib/python3.6/site-packages'), ('NVIDIA_VISIBLE_DEVICES', 'all'), ('COLCON', '1'), ('CMAKE_PREFIX_PATH', '/opt/ros/dashing')]), 'shell': False}
[9.970308] (-) TimerEvent: {}
[10.070283] (pubsub) StdoutLine: {'line': b'[ 50%] Built target publisher\n'}
[10.070802] (-) TimerEvent: {}
[10.074579] (pubsub) StdoutLine: {'line': b'[100%] Built target subscriber\n'}
[10.103890] (pubsub) StdoutLine: {'line': b'\x1b[36mInstall the project...\x1b[0m\n'}
[10.118117] (pubsub) StdoutLine: {'line': b'-- Install configuration: ""\n'}
[10.119024] (pubsub) StdoutLine: {'line': b'-- Installing: /workspace/install/pubsub/lib/pubsub/publisher\n'}
[10.125404] (pubsub) StdoutLine: {'line': b'-- Set runtime path of "/workspace/install/pubsub/lib/pubsub/publisher" to ""\n'}
[10.126019] (pubsub) StdoutLine: {'line': b'-- Installing: /workspace/install/pubsub/lib/pubsub/subscriber\n'}
[10.132535] (pubsub) StdoutLine: {'line': b'-- Set runtime path of "/workspace/install/pubsub/lib/pubsub/subscriber" to ""\n'}
[10.134172] (pubsub) StdoutLine: {'line': b'-- Installing: /workspace/install/pubsub/share/ament_index/resource_index/package_run_dependencies/pubsub\n'}
[10.138016] (pubsub) StdoutLine: {'line': b'-- Installing: /workspace/install/pubsub/share/ament_index/resource_index/parent_prefix_path/pubsub\n'}
[10.141470] (pubsub) StdoutLine: {'line': b'-- Installing: /workspace/install/pubsub/share/pubsub/environment/ament_prefix_path.sh\n'}
[10.143043] (pubsub) StdoutLine: {'line': b'-- Installing: /workspace/install/pubsub/share/pubsub/environment/path.sh\n'}
[10.145126] (pubsub) StdoutLine: {'line': b'-- Installing: /workspace/install/pubsub/share/pubsub/local_setup.bash\n'}
[10.147212] (pubsub) StdoutLine: {'line': b'-- Installing: /workspace/install/pubsub/share/pubsub/local_setup.sh\n'}
[10.149605] (pubsub) StdoutLine: {'line': b'-- Installing: /workspace/install/pubsub/share/pubsub/local_setup.zsh\n'}
[10.152487] (pubsub) StdoutLine: {'line': b'-- Installing: /workspace/install/pubsub/share/ament_index/resource_index/packages/pubsub\n'}
[10.155051] (pubsub) StdoutLine: {'line': b'-- Installing: /workspace/install/pubsub/share/pubsub/cmake/pubsubConfig.cmake\n'}
[10.157555] (pubsub) StdoutLine: {'line': b'-- Installing: /workspace/install/pubsub/share/pubsub/cmake/pubsubConfig-version.cmake\n'}
[10.159828] (pubsub) StdoutLine: {'line': b'-- Installing: /workspace/install/pubsub/share/pubsub/package.xml\n'}
[10.165981] (pubsub) CommandEnded: {'returncode': 0}
[10.170890] (-) TimerEvent: {}
[10.271244] (-) TimerEvent: {}
[10.276533] (pubsub) JobEnded: {'identifier': 'pubsub', 'rc': 0}
[10.371335] (-) TimerEvent: {}
[10.471784] (-) TimerEvent: {}
[10.573248] (-) TimerEvent: {}
[10.676078] (-) TimerEvent: {}
[10.776641] (-) TimerEvent: {}
[10.877206] (-) TimerEvent: {}
[10.978019] (-) TimerEvent: {}
[11.078506] (-) TimerEvent: {}
[11.178894] (-) TimerEvent: {}
[11.279246] (-) TimerEvent: {}
[11.323677] (usb_cam) StdoutLine: {'line': b'[100%] \x1b[32m\x1b[1mLinking CXX shared library libusb_cam.so\x1b[0m\n'}
[11.379369] (-) TimerEvent: {}
[11.479803] (-) TimerEvent: {}
[11.580376] (-) TimerEvent: {}
[11.680719] (-) TimerEvent: {}
[11.701058] (usb_cam) StdoutLine: {'line': b'[100%] Built target usb_cam\n'}
[11.713813] (usb_cam) CommandEnded: {'returncode': 0}
[11.745384] (usb_cam) JobProgress: {'identifier': 'usb_cam', 'progress': 'install'}
[11.746276] (usb_cam) Command: {'cmd': ['/usr/bin/cmake', '--build', '/workspace/build/usb_cam', '--target', 'install', '--', '-j8', '-l8'], 'cwd': '/workspace/build/usb_cam', 'env': OrderedDict([('HOSTNAME', 'c00abfa5d535'), ('LD_LIBRARY_PATH', '/opt/ros/dashing/opt/yaml_cpp_vendor/lib:/opt/ros/dashing/opt/rviz_ogre_vendor/lib:/opt/ros/dashing/lib:/usr/lib/x86_64-linux-gnu:/usr/lib/i386-linux-gnu:/usr/local/nvidia/lib:/usr/local/nvidia/lib64:/usr/local/nvidia/lib:/usr/local/nvidia/lib64'), ('SHLVL', '1'), ('HOME', '/root'), ('OLDPWD', '/root'), ('ROS_PYTHON_VERSION', '3'), ('CUDA_VERSION', '10.2.89'), ('ROS_DISTRO', 'dashing'), ('NVIDIA_REQUIRE_CUDA', 'cuda>=10.2 brand=tesla,driver>=396,driver<397 brand=tesla,driver>=410,driver<411 brand=tesla,driver>=418,driver<419 brand=tesla,driver>=440,driver<441'), ('_', '/usr/bin/colcon'), ('ROS_VERSION', '2'), ('NVIDIA_DRIVER_CAPABILITIES', 'compute,utility,graphics,compat32,utility'), ('TERM', 'xterm'), ('NV_CUDA_CUDART_VERSION', '10.2.89-1'), ('PATH', '/opt/ros/dashing/bin:/usr/local/nvidia/bin:/usr/local/cuda/bin:/usr/local/sbin:/usr/local/bin:/usr/sbin:/usr/bin:/sbin:/bin'), ('NVARCH', 'x86_64'), ('AMENT_PREFIX_PATH', '/opt/ros/dashing'), ('DEBIAN_FRONTEND', 'noninteractive'), ('PWD', '/workspace/build/usb_cam'), ('PYTHONPATH', '/opt/ros/dashing/lib/python3.6/site-packages'), ('NVIDIA_VISIBLE_DEVICES', 'all'), ('COLCON', '1'), ('CMAKE_PREFIX_PATH', '/opt/ros/dashing')]), 'shell': False}
[11.780886] (-) TimerEvent: {}
[11.860356] (usb_cam) StdoutLine: {'line': b'[100%] Built target usb_cam\n'}
[11.880986] (-) TimerEvent: {}
[11.894423] (usb_cam) StdoutLine: {'line': b'\x1b[36mInstall the project...\x1b[0m\n'}
[11.909856] (usb_cam) StdoutLine: {'line': b'-- Install configuration: ""\n'}
[11.911266] (usb_cam) StdoutLine: {'line': b'-- Installing: /workspace/install/usb_cam/lib/libusb_cam.so\n'}
[11.929325] (usb_cam) StdoutLine: {'line': b'-- Set runtime path of "/workspace/install/usb_cam/lib/libusb_cam.so" to ""\n'}
[11.931009] (usb_cam) StdoutLine: {'line': b'-- Installing: /workspace/install/usb_cam/share/ament_index/resource_index/package_run_dependencies/usb_cam\n'}
[11.934380] (usb_cam) StdoutLine: {'line': b'-- Installing: /workspace/install/usb_cam/share/ament_index/resource_index/parent_prefix_path/usb_cam\n'}
[11.936991] (usb_cam) StdoutLine: {'line': b'-- Installing: /workspace/install/usb_cam/share/usb_cam/environment/ament_prefix_path.sh\n'}
[11.938790] (usb_cam) StdoutLine: {'line': b'-- Installing: /workspace/install/usb_cam/share/usb_cam/environment/path.sh\n'}
[11.942319] (usb_cam) StdoutLine: {'line': b'-- Installing: /workspace/install/usb_cam/share/usb_cam/local_setup.bash\n'}
[11.948491] (usb_cam) StdoutLine: {'line': b'-- Installing: /workspace/install/usb_cam/share/usb_cam/local_setup.sh\n'}
[11.950866] (usb_cam) StdoutLine: {'line': b'-- Installing: /workspace/install/usb_cam/share/usb_cam/local_setup.zsh\n'}
[11.953661] (usb_cam) StdoutLine: {'line': b'-- Installing: /workspace/install/usb_cam/share/ament_index/resource_index/packages/usb_cam\n'}
[11.957354] (usb_cam) StdoutLine: {'line': b'-- Installing: /workspace/install/usb_cam/share/ament_index/resource_index/rclcpp_components/usb_cam\n'}
[11.960194] (usb_cam) StdoutLine: {'line': b'-- Installing: /workspace/install/usb_cam/share/usb_cam/cmake/usb_camConfig.cmake\n'}
[11.962682] (usb_cam) StdoutLine: {'line': b'-- Installing: /workspace/install/usb_cam/share/usb_cam/cmake/usb_camConfig-version.cmake\n'}
[11.964938] (usb_cam) StdoutLine: {'line': b'-- Installing: /workspace/install/usb_cam/share/usb_cam/package.xml\n'}
[11.970724] (usb_cam) CommandEnded: {'returncode': 0}
[11.981070] (-) TimerEvent: {}
[12.083180] (-) TimerEvent: {}
[12.096616] (usb_cam) JobEnded: {'identifier': 'usb_cam', 'rc': 0}
[12.100179] (-) EventReactorShutdown: {}
