[0.420s] DEBUG:colcon:Command line arguments: ['/usr/bin/colcon', 'build']
[0.420s] DEBUG:colcon:Parsed command line arguments: Namespace(allow_overriding=[], ament_cmake_args=None, base_paths=['.'], build_base='build', catkin_cmake_args=None, catkin_skip_building_tests=False, cmake_args=None, cmake_clean_cache=False, cmake_clean_first=False, cmake_force_configure=False, cmake_target=None, cmake_target_skip_unavailable=False, continue_on_error=False, event_handlers=None, executor='parallel', ignore_user_meta=False, install_base='install', log_base=None, log_level=None, main=<bound method BuildVerb.main of <colcon_core.verb.build.BuildVerb object at 0x7fefa0877fd0>>, merge_install=False, metas=['./colcon.meta'], packages_above=None, packages_above_and_dependencies=None, packages_above_depth=None, packages_end=None, packages_ignore=None, packages_ignore_regex=None, packages_select=None, packages_select_build_failed=False, packages_select_by_dep=None, packages_select_regex=None, packages_select_test_failures=False, packages_skip=None, packages_skip_build_finished=False, packages_skip_by_dep=None, packages_skip_regex=None, packages_skip_test_passed=False, packages_skip_up_to=None, packages_start=None, packages_up_to=None, packages_up_to_regex=None, parallel_workers=8, paths=None, symlink_install=False, test_result_base=None, verb_extension=<colcon_core.verb.build.BuildVerb object at 0x7fefa0877fd0>, verb_name='build', verb_parser=<colcon_defaults.argument_parser.defaults.DefaultArgumentsDecorator object at 0x7fefa08946a0>)
[0.472s] Level 1:colcon.colcon_core.package_discovery:discover_packages(colcon_meta) check parameters
[0.472s] Level 1:colcon.colcon_core.package_discovery:discover_packages(recursive) check parameters
[0.472s] Level 1:colcon.colcon_core.package_discovery:discover_packages(ignore) check parameters
[0.472s] Level 1:colcon.colcon_core.package_discovery:discover_packages(path) check parameters
[0.472s] Level 1:colcon.colcon_core.package_discovery:discover_packages(colcon_meta) discover
[0.473s] Level 1:colcon.colcon_core.package_discovery:discover_packages(recursive) discover
[0.473s] INFO:colcon.colcon_core.package_discovery:Crawling recursively for packages in '/workspace'
[0.474s] Level 1:colcon.colcon_core.package_identification:_identify(.) by extensions ['ignore', 'ignore_ament_install']
[0.474s] Level 1:colcon.colcon_core.package_identification:_identify(.) by extension 'ignore'
[0.474s] Level 1:colcon.colcon_core.package_identification:_identify(.) by extension 'ignore_ament_install'
[0.474s] Level 1:colcon.colcon_core.package_identification:_identify(.) by extensions ['colcon_pkg']
[0.474s] Level 1:colcon.colcon_core.package_identification:_identify(.) by extension 'colcon_pkg'
[0.474s] Level 1:colcon.colcon_core.package_identification:_identify(.) by extensions ['colcon_meta']
[0.474s] Level 1:colcon.colcon_core.package_identification:_identify(.) by extension 'colcon_meta'
[0.475s] Level 1:colcon.colcon_core.package_identification:_identify(.) by extensions ['ros']
[0.475s] Level 1:colcon.colcon_core.package_identification:_identify(.) by extension 'ros'
[0.513s] Level 1:colcon.colcon_core.package_identification:_identify(.) by extensions ['cmake', 'python']
[0.513s] Level 1:colcon.colcon_core.package_identification:_identify(.) by extension 'cmake'
[0.514s] Level 1:colcon.colcon_core.package_identification:_identify(.) by extension 'python'
[0.514s] Level 1:colcon.colcon_core.package_identification:_identify(.) by extensions ['python_setup_py']
[0.514s] Level 1:colcon.colcon_core.package_identification:_identify(.) by extension 'python_setup_py'
[0.514s] Level 1:colcon.colcon_core.package_identification:_identify(build) by extensions ['ignore', 'ignore_ament_install']
[0.514s] Level 1:colcon.colcon_core.package_identification:_identify(build) by extension 'ignore'
[0.514s] Level 1:colcon.colcon_core.package_identification:_identify(build) ignored
[0.515s] Level 1:colcon.colcon_core.package_identification:_identify(install) by extensions ['ignore', 'ignore_ament_install']
[0.515s] Level 1:colcon.colcon_core.package_identification:_identify(install) by extension 'ignore'
[0.515s] Level 1:colcon.colcon_core.package_identification:_identify(install) ignored
[0.515s] Level 1:colcon.colcon_core.package_identification:_identify(log) by extensions ['ignore', 'ignore_ament_install']
[0.516s] Level 1:colcon.colcon_core.package_identification:_identify(log) by extension 'ignore'
[0.516s] Level 1:colcon.colcon_core.package_identification:_identify(log) ignored
[0.516s] Level 1:colcon.colcon_core.package_identification:_identify(src) by extensions ['ignore', 'ignore_ament_install']
[0.516s] Level 1:colcon.colcon_core.package_identification:_identify(src) by extension 'ignore'
[0.516s] Level 1:colcon.colcon_core.package_identification:_identify(src) by extension 'ignore_ament_install'
[0.516s] Level 1:colcon.colcon_core.package_identification:_identify(src) by extensions ['colcon_pkg']
[0.516s] Level 1:colcon.colcon_core.package_identification:_identify(src) by extension 'colcon_pkg'
[0.516s] Level 1:colcon.colcon_core.package_identification:_identify(src) by extensions ['colcon_meta']
[0.517s] Level 1:colcon.colcon_core.package_identification:_identify(src) by extension 'colcon_meta'
[0.517s] Level 1:colcon.colcon_core.package_identification:_identify(src) by extensions ['ros']
[0.517s] Level 1:colcon.colcon_core.package_identification:_identify(src) by extension 'ros'
[0.517s] Level 1:colcon.colcon_core.package_identification:_identify(src) by extensions ['cmake', 'python']
[0.517s] Level 1:colcon.colcon_core.package_identification:_identify(src) by extension 'cmake'
[0.517s] Level 1:colcon.colcon_core.package_identification:_identify(src) by extension 'python'
[0.517s] Level 1:colcon.colcon_core.package_identification:_identify(src) by extensions ['python_setup_py']
[0.517s] Level 1:colcon.colcon_core.package_identification:_identify(src) by extension 'python_setup_py'
[0.517s] Level 1:colcon.colcon_core.package_identification:_identify(src/build) by extensions ['ignore', 'ignore_ament_install']
[0.518s] Level 1:colcon.colcon_core.package_identification:_identify(src/build) by extension 'ignore'
[0.518s] Level 1:colcon.colcon_core.package_identification:_identify(src/build) ignored
[0.518s] Level 1:colcon.colcon_core.package_identification:_identify(src/get-started-ros2) by extensions ['ignore', 'ignore_ament_install']
[0.518s] Level 1:colcon.colcon_core.package_identification:_identify(src/get-started-ros2) by extension 'ignore'
[0.518s] Level 1:colcon.colcon_core.package_identification:_identify(src/get-started-ros2) by extension 'ignore_ament_install'
[0.518s] Level 1:colcon.colcon_core.package_identification:_identify(src/get-started-ros2) by extensions ['colcon_pkg']
[0.518s] Level 1:colcon.colcon_core.package_identification:_identify(src/get-started-ros2) by extension 'colcon_pkg'
[0.519s] Level 1:colcon.colcon_core.package_identification:_identify(src/get-started-ros2) by extensions ['colcon_meta']
[0.519s] Level 1:colcon.colcon_core.package_identification:_identify(src/get-started-ros2) by extension 'colcon_meta'
[0.519s] Level 1:colcon.colcon_core.package_identification:_identify(src/get-started-ros2) by extensions ['ros']
[0.519s] Level 1:colcon.colcon_core.package_identification:_identify(src/get-started-ros2) by extension 'ros'
[0.519s] Level 1:colcon.colcon_core.package_identification:_identify(src/get-started-ros2) by extensions ['cmake', 'python']
[0.519s] Level 1:colcon.colcon_core.package_identification:_identify(src/get-started-ros2) by extension 'cmake'
[0.519s] Level 1:colcon.colcon_core.package_identification:_identify(src/get-started-ros2) by extension 'python'
[0.519s] Level 1:colcon.colcon_core.package_identification:_identify(src/get-started-ros2) by extensions ['python_setup_py']
[0.519s] Level 1:colcon.colcon_core.package_identification:_identify(src/get-started-ros2) by extension 'python_setup_py'
[0.520s] Level 1:colcon.colcon_core.package_identification:_identify(src/install) by extensions ['ignore', 'ignore_ament_install']
[0.520s] Level 1:colcon.colcon_core.package_identification:_identify(src/install) by extension 'ignore'
[0.520s] Level 1:colcon.colcon_core.package_identification:_identify(src/install) ignored
[0.520s] Level 1:colcon.colcon_core.package_identification:_identify(src/log) by extensions ['ignore', 'ignore_ament_install']
[0.520s] Level 1:colcon.colcon_core.package_identification:_identify(src/log) by extension 'ignore'
[0.521s] Level 1:colcon.colcon_core.package_identification:_identify(src/log) ignored
[0.521s] Level 1:colcon.colcon_core.package_identification:_identify(src/pubsub) by extensions ['ignore', 'ignore_ament_install']
[0.521s] Level 1:colcon.colcon_core.package_identification:_identify(src/pubsub) by extension 'ignore'
[0.521s] Level 1:colcon.colcon_core.package_identification:_identify(src/pubsub) by extension 'ignore_ament_install'
[0.521s] Level 1:colcon.colcon_core.package_identification:_identify(src/pubsub) by extensions ['colcon_pkg']
[0.521s] Level 1:colcon.colcon_core.package_identification:_identify(src/pubsub) by extension 'colcon_pkg'
[0.521s] Level 1:colcon.colcon_core.package_identification:_identify(src/pubsub) by extensions ['colcon_meta']
[0.521s] Level 1:colcon.colcon_core.package_identification:_identify(src/pubsub) by extension 'colcon_meta'
[0.522s] Level 1:colcon.colcon_core.package_identification:_identify(src/pubsub) by extensions ['ros']
[0.522s] Level 1:colcon.colcon_core.package_identification:_identify(src/pubsub) by extension 'ros'
[0.526s] DEBUG:colcon.colcon_core.package_identification:Package 'src/pubsub' with type 'ros.ament_cmake' and name 'pubsub'
[0.526s] Level 1:colcon.colcon_core.package_identification:_identify(src/sample) by extensions ['ignore', 'ignore_ament_install']
[0.526s] Level 1:colcon.colcon_core.package_identification:_identify(src/sample) by extension 'ignore'
[0.526s] Level 1:colcon.colcon_core.package_identification:_identify(src/sample) by extension 'ignore_ament_install'
[0.527s] Level 1:colcon.colcon_core.package_identification:_identify(src/sample) by extensions ['colcon_pkg']
[0.527s] Level 1:colcon.colcon_core.package_identification:_identify(src/sample) by extension 'colcon_pkg'
[0.527s] Level 1:colcon.colcon_core.package_identification:_identify(src/sample) by extensions ['colcon_meta']
[0.527s] Level 1:colcon.colcon_core.package_identification:_identify(src/sample) by extension 'colcon_meta'
[0.527s] Level 1:colcon.colcon_core.package_identification:_identify(src/sample) by extensions ['ros']
[0.527s] Level 1:colcon.colcon_core.package_identification:_identify(src/sample) by extension 'ros'
[0.528s] DEBUG:colcon.colcon_core.package_identification:Package 'src/sample' with type 'ros.ament_cmake' and name 'sample'
[0.528s] Level 1:colcon.colcon_core.package_identification:_identify(src/usb_cam) by extensions ['ignore', 'ignore_ament_install']
[0.529s] Level 1:colcon.colcon_core.package_identification:_identify(src/usb_cam) by extension 'ignore'
[0.529s] Level 1:colcon.colcon_core.package_identification:_identify(src/usb_cam) by extension 'ignore_ament_install'
[0.529s] Level 1:colcon.colcon_core.package_identification:_identify(src/usb_cam) by extensions ['colcon_pkg']
[0.529s] Level 1:colcon.colcon_core.package_identification:_identify(src/usb_cam) by extension 'colcon_pkg'
[0.529s] Level 1:colcon.colcon_core.package_identification:_identify(src/usb_cam) by extensions ['colcon_meta']
[0.529s] Level 1:colcon.colcon_core.package_identification:_identify(src/usb_cam) by extension 'colcon_meta'
[0.529s] Level 1:colcon.colcon_core.package_identification:_identify(src/usb_cam) by extensions ['ros']
[0.529s] Level 1:colcon.colcon_core.package_identification:_identify(src/usb_cam) by extension 'ros'
[0.530s] DEBUG:colcon.colcon_core.package_identification:Package 'src/usb_cam' with type 'ros.ament_cmake' and name 'usb_cam'
[0.530s] Level 1:colcon.colcon_core.package_discovery:discover_packages(recursive) using defaults
[0.531s] Level 1:colcon.colcon_core.package_discovery:discover_packages(ignore) discover
[0.531s] Level 1:colcon.colcon_core.package_discovery:discover_packages(ignore) using defaults
[0.531s] Level 1:colcon.colcon_core.package_discovery:discover_packages(path) discover
[0.531s] Level 1:colcon.colcon_core.package_discovery:discover_packages(path) using defaults
[0.565s] Level 1:colcon.colcon_core.package_discovery:discover_packages(prefix_path) check parameters
[0.565s] Level 1:colcon.colcon_core.package_discovery:discover_packages(prefix_path) discover
[0.571s] DEBUG:colcon.colcon_installed_package_information.package_discovery:Found 218 installed packages in /opt/ros/dashing
[0.574s] Level 1:colcon.colcon_core.package_discovery:discover_packages(prefix_path) using defaults
[0.653s] Level 5:colcon.colcon_core.verb:set package 'pubsub' build argument 'cmake_args' from command line to 'None'
[0.654s] Level 5:colcon.colcon_core.verb:set package 'pubsub' build argument 'cmake_target' from command line to 'None'
[0.654s] Level 5:colcon.colcon_core.verb:set package 'pubsub' build argument 'cmake_target_skip_unavailable' from command line to 'False'
[0.654s] Level 5:colcon.colcon_core.verb:set package 'pubsub' build argument 'cmake_clean_cache' from command line to 'False'
[0.654s] Level 5:colcon.colcon_core.verb:set package 'pubsub' build argument 'cmake_clean_first' from command line to 'False'
[0.654s] Level 5:colcon.colcon_core.verb:set package 'pubsub' build argument 'cmake_force_configure' from command line to 'False'
[0.654s] Level 5:colcon.colcon_core.verb:set package 'pubsub' build argument 'ament_cmake_args' from command line to 'None'
[0.654s] Level 5:colcon.colcon_core.verb:set package 'pubsub' build argument 'catkin_cmake_args' from command line to 'None'
[0.654s] Level 5:colcon.colcon_core.verb:set package 'pubsub' build argument 'catkin_skip_building_tests' from command line to 'False'
[0.654s] DEBUG:colcon.colcon_core.verb:Building package 'pubsub' with the following arguments: {'ament_cmake_args': None, 'build_base': '/workspace/build/pubsub', 'catkin_cmake_args': None, 'catkin_skip_building_tests': False, 'cmake_args': None, 'cmake_clean_cache': False, 'cmake_clean_first': False, 'cmake_force_configure': False, 'cmake_target': None, 'cmake_target_skip_unavailable': False, 'install_base': '/workspace/install/pubsub', 'merge_install': False, 'path': '/workspace/src/pubsub', 'symlink_install': False, 'test_result_base': None}
[0.655s] Level 5:colcon.colcon_core.verb:set package 'sample' build argument 'cmake_args' from command line to 'None'
[0.656s] Level 5:colcon.colcon_core.verb:set package 'sample' build argument 'cmake_target' from command line to 'None'
[0.656s] Level 5:colcon.colcon_core.verb:set package 'sample' build argument 'cmake_target_skip_unavailable' from command line to 'False'
[0.656s] Level 5:colcon.colcon_core.verb:set package 'sample' build argument 'cmake_clean_cache' from command line to 'False'
[0.656s] Level 5:colcon.colcon_core.verb:set package 'sample' build argument 'cmake_clean_first' from command line to 'False'
[0.656s] Level 5:colcon.colcon_core.verb:set package 'sample' build argument 'cmake_force_configure' from command line to 'False'
[0.656s] Level 5:colcon.colcon_core.verb:set package 'sample' build argument 'ament_cmake_args' from command line to 'None'
[0.656s] Level 5:colcon.colcon_core.verb:set package 'sample' build argument 'catkin_cmake_args' from command line to 'None'
[0.656s] Level 5:colcon.colcon_core.verb:set package 'sample' build argument 'catkin_skip_building_tests' from command line to 'False'
[0.656s] DEBUG:colcon.colcon_core.verb:Building package 'sample' with the following arguments: {'ament_cmake_args': None, 'build_base': '/workspace/build/sample', 'catkin_cmake_args': None, 'catkin_skip_building_tests': False, 'cmake_args': None, 'cmake_clean_cache': False, 'cmake_clean_first': False, 'cmake_force_configure': False, 'cmake_target': None, 'cmake_target_skip_unavailable': False, 'install_base': '/workspace/install/sample', 'merge_install': False, 'path': '/workspace/src/sample', 'symlink_install': False, 'test_result_base': None}
[0.658s] Level 5:colcon.colcon_core.verb:set package 'usb_cam' build argument 'cmake_args' from command line to 'None'
[0.658s] Level 5:colcon.colcon_core.verb:set package 'usb_cam' build argument 'cmake_target' from command line to 'None'
[0.658s] Level 5:colcon.colcon_core.verb:set package 'usb_cam' build argument 'cmake_target_skip_unavailable' from command line to 'False'
[0.658s] Level 5:colcon.colcon_core.verb:set package 'usb_cam' build argument 'cmake_clean_cache' from command line to 'False'
[0.658s] Level 5:colcon.colcon_core.verb:set package 'usb_cam' build argument 'cmake_clean_first' from command line to 'False'
[0.658s] Level 5:colcon.colcon_core.verb:set package 'usb_cam' build argument 'cmake_force_configure' from command line to 'False'
[0.658s] Level 5:colcon.colcon_core.verb:set package 'usb_cam' build argument 'ament_cmake_args' from command line to 'None'
[0.658s] Level 5:colcon.colcon_core.verb:set package 'usb_cam' build argument 'catkin_cmake_args' from command line to 'None'
[0.659s] Level 5:colcon.colcon_core.verb:set package 'usb_cam' build argument 'catkin_skip_building_tests' from command line to 'False'
[0.659s] DEBUG:colcon.colcon_core.verb:Building package 'usb_cam' with the following arguments: {'ament_cmake_args': None, 'build_base': '/workspace/build/usb_cam', 'catkin_cmake_args': None, 'catkin_skip_building_tests': False, 'cmake_args': None, 'cmake_clean_cache': False, 'cmake_clean_first': False, 'cmake_force_configure': False, 'cmake_target': None, 'cmake_target_skip_unavailable': False, 'install_base': '/workspace/install/usb_cam', 'merge_install': False, 'path': '/workspace/src/usb_cam', 'symlink_install': False, 'test_result_base': None}
[0.660s] INFO:colcon.colcon_core.executor:Executing jobs using 'parallel' executor
[0.666s] DEBUG:colcon.colcon_parallel_executor.executor.parallel:run_until_complete
[0.667s] INFO:colcon.colcon_ros.task.ament_cmake.build:Building ROS package in '/workspace/src/pubsub' with build type 'ament_cmake'
[0.667s] INFO:colcon.colcon_cmake.task.cmake.build:Building CMake package in '/workspace/src/pubsub'
[0.676s] INFO:colcon.colcon_core.plugin_system:Skipping extension 'colcon_core.shell.bat': Not used on non-Windows systems
[0.676s] INFO:colcon.colcon_core.shell:Skip shell extension 'powershell' for command environment: Not usable outside of PowerShell
[0.676s] DEBUG:colcon.colcon_core.shell:Skip shell extension 'dsv' for command environment
[0.683s] INFO:colcon.colcon_ros.task.ament_cmake.build:Building ROS package in '/workspace/src/sample' with build type 'ament_cmake'
[0.684s] INFO:colcon.colcon_cmake.task.cmake.build:Building CMake package in '/workspace/src/sample'
[0.686s] INFO:colcon.colcon_core.shell:Skip shell extension 'powershell' for command environment: Not usable outside of PowerShell
[0.686s] DEBUG:colcon.colcon_core.shell:Skip shell extension 'dsv' for command environment
[0.693s] INFO:colcon.colcon_ros.task.ament_cmake.build:Building ROS package in '/workspace/src/usb_cam' with build type 'ament_cmake'
[0.693s] INFO:colcon.colcon_cmake.task.cmake.build:Building CMake package in '/workspace/src/usb_cam'
[0.696s] INFO:colcon.colcon_core.shell:Skip shell extension 'powershell' for command environment: Not usable outside of PowerShell
[0.696s] DEBUG:colcon.colcon_core.shell:Skip shell extension 'dsv' for command environment
[0.713s] DEBUG:colcon.colcon_core.event_handler.log_command:Invoking command in '/workspace/build/pubsub': CMAKE_PREFIX_PATH=/opt/ros/dashing /usr/bin/cmake /workspace/src/pubsub -DCMAKE_INSTALL_PREFIX=/workspace/install/pubsub
[0.719s] DEBUG:colcon.colcon_core.event_handler.log_command:Invoking command in '/workspace/build/sample': CMAKE_PREFIX_PATH=/opt/ros/dashing /usr/bin/cmake /workspace/src/sample -DCMAKE_INSTALL_PREFIX=/workspace/install/sample
[0.726s] DEBUG:colcon.colcon_core.event_handler.log_command:Invoking command in '/workspace/build/usb_cam': CMAKE_PREFIX_PATH=/opt/ros/dashing /usr/bin/cmake /workspace/src/usb_cam -DCMAKE_INSTALL_PREFIX=/workspace/install/usb_cam
[4.842s] DEBUG:colcon.colcon_core.event_handler.log_command:Invoked command in '/workspace/build/sample' returned '0': CMAKE_PREFIX_PATH=/opt/ros/dashing /usr/bin/cmake /workspace/src/sample -DCMAKE_INSTALL_PREFIX=/workspace/install/sample
[4.849s] DEBUG:colcon.colcon_core.event_handler.log_command:Invoking command in '/workspace/build/sample': CMAKE_PREFIX_PATH=/opt/ros/dashing /usr/bin/cmake --build /workspace/build/sample -- -j8 -l8
[4.857s] DEBUG:colcon.colcon_core.event_handler.log_command:Invoked command in '/workspace/build/pubsub' returned '0': CMAKE_PREFIX_PATH=/opt/ros/dashing /usr/bin/cmake /workspace/src/pubsub -DCMAKE_INSTALL_PREFIX=/workspace/install/pubsub
[4.861s] DEBUG:colcon.colcon_core.event_handler.log_command:Invoking command in '/workspace/build/pubsub': CMAKE_PREFIX_PATH=/opt/ros/dashing /usr/bin/cmake --build /workspace/build/pubsub -- -j8 -l8
[5.018s] DEBUG:colcon.colcon_core.event_handler.log_command:Invoked command in '/workspace/build/usb_cam' returned '0': CMAKE_PREFIX_PATH=/opt/ros/dashing /usr/bin/cmake /workspace/src/usb_cam -DCMAKE_INSTALL_PREFIX=/workspace/install/usb_cam
[5.022s] DEBUG:colcon.colcon_core.event_handler.log_command:Invoking command in '/workspace/build/usb_cam': CMAKE_PREFIX_PATH=/opt/ros/dashing /usr/bin/cmake --build /workspace/build/usb_cam -- -j8 -l8
[9.160s] DEBUG:colcon.colcon_core.event_handler.log_command:Invoked command in '/workspace/build/sample' returned '0': CMAKE_PREFIX_PATH=/opt/ros/dashing /usr/bin/cmake --build /workspace/build/sample -- -j8 -l8
[9.370s] DEBUG:colcon.colcon_core.event_handler.log_command:Invoking command in '/workspace/build/sample': CMAKE_PREFIX_PATH=/opt/ros/dashing /usr/bin/cmake --build /workspace/build/sample --target install -- -j8 -l8
[9.634s] Level 1:colcon.colcon_core.environment:create_environment_scripts_only(sample)
[9.637s] DEBUG:colcon.colcon_core.event_handler.log_command:Invoked command in '/workspace/build/sample' returned '0': CMAKE_PREFIX_PATH=/opt/ros/dashing /usr/bin/cmake --build /workspace/build/sample --target install -- -j8 -l8
[9.654s] Level 1:colcon.colcon_core.environment:checking '/workspace/install/sample' for CMake module files
[9.660s] Level 1:colcon.colcon_core.environment:checking '/workspace/install/sample' for CMake config files
[9.663s] Level 1:colcon.colcon_core.shell:create_environment_hook('sample', 'cmake_prefix_path')
[9.666s] INFO:colcon.colcon_core.shell:Creating environment hook '/workspace/install/sample/share/sample/hook/cmake_prefix_path.ps1'
[9.669s] INFO:colcon.colcon_core.shell:Creating environment descriptor '/workspace/install/sample/share/sample/hook/cmake_prefix_path.dsv'
[9.670s] INFO:colcon.colcon_core.shell:Creating environment hook '/workspace/install/sample/share/sample/hook/cmake_prefix_path.sh'
[9.678s] Level 1:colcon.colcon_core.environment:checking '/workspace/install/sample/lib'
[9.678s] Level 1:colcon.colcon_core.environment:checking '/workspace/install/sample/bin'
[9.678s] Level 1:colcon.colcon_core.environment:checking '/workspace/install/sample/lib/pkgconfig/sample.pc'
[9.679s] Level 1:colcon.colcon_core.environment:checking '/workspace/install/sample/lib/python3.6/site-packages'
[9.679s] Level 1:colcon.colcon_core.environment:checking '/workspace/install/sample/bin'
[9.683s] INFO:colcon.colcon_core.shell:Creating package script '/workspace/install/sample/share/sample/package.ps1'
[9.685s] INFO:colcon.colcon_core.shell:Creating package descriptor '/workspace/install/sample/share/sample/package.dsv'
[9.687s] INFO:colcon.colcon_core.shell:Creating package script '/workspace/install/sample/share/sample/package.sh'
[9.690s] INFO:colcon.colcon_core.shell:Creating package script '/workspace/install/sample/share/sample/package.bash'
[9.699s] INFO:colcon.colcon_core.shell:Creating package script '/workspace/install/sample/share/sample/package.zsh'
[9.702s] Level 1:colcon.colcon_core.environment:create_file_with_runtime_dependencies(/workspace/install/sample/share/colcon-core/packages/sample)
[9.748s] Level 1:colcon.colcon_core.environment:create_environment_scripts_only(sample)
[9.751s] Level 1:colcon.colcon_core.environment:checking '/workspace/install/sample' for CMake module files
[9.754s] Level 1:colcon.colcon_core.environment:checking '/workspace/install/sample' for CMake config files
[9.757s] Level 1:colcon.colcon_core.shell:create_environment_hook('sample', 'cmake_prefix_path')
[9.761s] INFO:colcon.colcon_core.shell:Creating environment hook '/workspace/install/sample/share/sample/hook/cmake_prefix_path.ps1'
[9.763s] INFO:colcon.colcon_core.shell:Creating environment descriptor '/workspace/install/sample/share/sample/hook/cmake_prefix_path.dsv'
[9.764s] INFO:colcon.colcon_core.shell:Creating environment hook '/workspace/install/sample/share/sample/hook/cmake_prefix_path.sh'
[9.766s] Level 1:colcon.colcon_core.environment:checking '/workspace/install/sample/lib'
[9.767s] Level 1:colcon.colcon_core.environment:checking '/workspace/install/sample/bin'
[9.767s] Level 1:colcon.colcon_core.environment:checking '/workspace/install/sample/lib/pkgconfig/sample.pc'
[9.768s] Level 1:colcon.colcon_core.environment:checking '/workspace/install/sample/lib/python3.6/site-packages'
[9.768s] Level 1:colcon.colcon_core.environment:checking '/workspace/install/sample/bin'
[9.771s] INFO:colcon.colcon_core.shell:Creating package script '/workspace/install/sample/share/sample/package.ps1'
[9.774s] INFO:colcon.colcon_core.shell:Creating package descriptor '/workspace/install/sample/share/sample/package.dsv'
[9.776s] INFO:colcon.colcon_core.shell:Creating package script '/workspace/install/sample/share/sample/package.sh'
[9.777s] INFO:colcon.colcon_core.shell:Creating package script '/workspace/install/sample/share/sample/package.bash'
[9.779s] INFO:colcon.colcon_core.shell:Creating package script '/workspace/install/sample/share/sample/package.zsh'
[9.780s] Level 1:colcon.colcon_core.environment:create_file_with_runtime_dependencies(/workspace/install/sample/share/colcon-core/packages/sample)
[10.581s] DEBUG:colcon.colcon_core.event_handler.log_command:Invoked command in '/workspace/build/pubsub' returned '0': CMAKE_PREFIX_PATH=/opt/ros/dashing /usr/bin/cmake --build /workspace/build/pubsub -- -j8 -l8
[10.636s] DEBUG:colcon.colcon_core.event_handler.log_command:Invoking command in '/workspace/build/pubsub': CMAKE_PREFIX_PATH=/opt/ros/dashing /usr/bin/cmake --build /workspace/build/pubsub --target install -- -j8 -l8
[10.832s] Level 1:colcon.colcon_core.environment:create_environment_scripts_only(pubsub)
[10.836s] Level 1:colcon.colcon_core.environment:checking '/workspace/install/pubsub' for CMake module files
[10.837s] DEBUG:colcon.colcon_core.event_handler.log_command:Invoked command in '/workspace/build/pubsub' returned '0': CMAKE_PREFIX_PATH=/opt/ros/dashing /usr/bin/cmake --build /workspace/build/pubsub --target install -- -j8 -l8
[10.840s] Level 1:colcon.colcon_core.environment:checking '/workspace/install/pubsub' for CMake config files
[10.843s] Level 1:colcon.colcon_core.shell:create_environment_hook('pubsub', 'cmake_prefix_path')
[10.846s] INFO:colcon.colcon_core.shell:Creating environment hook '/workspace/install/pubsub/share/pubsub/hook/cmake_prefix_path.ps1'
[10.848s] INFO:colcon.colcon_core.shell:Creating environment descriptor '/workspace/install/pubsub/share/pubsub/hook/cmake_prefix_path.dsv'
[10.849s] INFO:colcon.colcon_core.shell:Creating environment hook '/workspace/install/pubsub/share/pubsub/hook/cmake_prefix_path.sh'
[10.851s] Level 1:colcon.colcon_core.environment:checking '/workspace/install/pubsub/lib'
[10.852s] Level 1:colcon.colcon_core.environment:checking '/workspace/install/pubsub/bin'
[10.852s] Level 1:colcon.colcon_core.environment:checking '/workspace/install/pubsub/lib/pkgconfig/pubsub.pc'
[10.852s] Level 1:colcon.colcon_core.environment:checking '/workspace/install/pubsub/lib/python3.6/site-packages'
[10.853s] Level 1:colcon.colcon_core.environment:checking '/workspace/install/pubsub/bin'
[10.858s] INFO:colcon.colcon_core.shell:Creating package script '/workspace/install/pubsub/share/pubsub/package.ps1'
[10.859s] INFO:colcon.colcon_core.shell:Creating package descriptor '/workspace/install/pubsub/share/pubsub/package.dsv'
[10.861s] INFO:colcon.colcon_core.shell:Creating package script '/workspace/install/pubsub/share/pubsub/package.sh'
[10.862s] INFO:colcon.colcon_core.shell:Creating package script '/workspace/install/pubsub/share/pubsub/package.bash'
[10.862s] INFO:colcon.colcon_core.shell:Creating package script '/workspace/install/pubsub/share/pubsub/package.zsh'
[10.863s] Level 1:colcon.colcon_core.environment:create_file_with_runtime_dependencies(/workspace/install/pubsub/share/colcon-core/packages/pubsub)
[10.907s] Level 1:colcon.colcon_core.environment:create_environment_scripts_only(pubsub)
[10.911s] Level 1:colcon.colcon_core.environment:checking '/workspace/install/pubsub' for CMake module files
[10.913s] Level 1:colcon.colcon_core.environment:checking '/workspace/install/pubsub' for CMake config files
[10.917s] Level 1:colcon.colcon_core.shell:create_environment_hook('pubsub', 'cmake_prefix_path')
[10.919s] INFO:colcon.colcon_core.shell:Creating environment hook '/workspace/install/pubsub/share/pubsub/hook/cmake_prefix_path.ps1'
[10.921s] INFO:colcon.colcon_core.shell:Creating environment descriptor '/workspace/install/pubsub/share/pubsub/hook/cmake_prefix_path.dsv'
[10.923s] INFO:colcon.colcon_core.shell:Creating environment hook '/workspace/install/pubsub/share/pubsub/hook/cmake_prefix_path.sh'
[10.926s] Level 1:colcon.colcon_core.environment:checking '/workspace/install/pubsub/lib'
[10.926s] Level 1:colcon.colcon_core.environment:checking '/workspace/install/pubsub/bin'
[10.927s] Level 1:colcon.colcon_core.environment:checking '/workspace/install/pubsub/lib/pkgconfig/pubsub.pc'
[10.927s] Level 1:colcon.colcon_core.environment:checking '/workspace/install/pubsub/lib/python3.6/site-packages'
[10.928s] Level 1:colcon.colcon_core.environment:checking '/workspace/install/pubsub/bin'
[10.931s] INFO:colcon.colcon_core.shell:Creating package script '/workspace/install/pubsub/share/pubsub/package.ps1'
[10.933s] INFO:colcon.colcon_core.shell:Creating package descriptor '/workspace/install/pubsub/share/pubsub/package.dsv'
[10.935s] INFO:colcon.colcon_core.shell:Creating package script '/workspace/install/pubsub/share/pubsub/package.sh'
[10.936s] INFO:colcon.colcon_core.shell:Creating package script '/workspace/install/pubsub/share/pubsub/package.bash'
[10.939s] INFO:colcon.colcon_core.shell:Creating package script '/workspace/install/pubsub/share/pubsub/package.zsh'
[10.942s] Level 1:colcon.colcon_core.environment:create_file_with_runtime_dependencies(/workspace/install/pubsub/share/colcon-core/packages/pubsub)
[12.381s] DEBUG:colcon.colcon_core.event_handler.log_command:Invoked command in '/workspace/build/usb_cam' returned '0': CMAKE_PREFIX_PATH=/opt/ros/dashing /usr/bin/cmake --build /workspace/build/usb_cam -- -j8 -l8
[12.415s] DEBUG:colcon.colcon_core.event_handler.log_command:Invoking command in '/workspace/build/usb_cam': CMAKE_PREFIX_PATH=/opt/ros/dashing /usr/bin/cmake --build /workspace/build/usb_cam --target install -- -j8 -l8
[12.637s] Level 1:colcon.colcon_core.environment:create_environment_scripts_only(usb_cam)
[12.643s] Level 1:colcon.colcon_core.environment:checking '/workspace/install/usb_cam' for CMake module files
[12.644s] DEBUG:colcon.colcon_core.event_handler.log_command:Invoked command in '/workspace/build/usb_cam' returned '0': CMAKE_PREFIX_PATH=/opt/ros/dashing /usr/bin/cmake --build /workspace/build/usb_cam --target install -- -j8 -l8
[12.646s] Level 1:colcon.colcon_core.environment:checking '/workspace/install/usb_cam' for CMake config files
[12.647s] Level 1:colcon.colcon_core.shell:create_environment_hook('usb_cam', 'cmake_prefix_path')
[12.649s] INFO:colcon.colcon_core.shell:Creating environment hook '/workspace/install/usb_cam/share/usb_cam/hook/cmake_prefix_path.ps1'
[12.650s] INFO:colcon.colcon_core.shell:Creating environment descriptor '/workspace/install/usb_cam/share/usb_cam/hook/cmake_prefix_path.dsv'
[12.651s] INFO:colcon.colcon_core.shell:Creating environment hook '/workspace/install/usb_cam/share/usb_cam/hook/cmake_prefix_path.sh'
[12.653s] Level 1:colcon.colcon_core.environment:checking '/workspace/install/usb_cam/lib'
[12.653s] Level 1:colcon.colcon_core.shell:create_environment_hook('usb_cam', 'ld_library_path_lib')
[12.655s] INFO:colcon.colcon_core.shell:Creating environment hook '/workspace/install/usb_cam/share/usb_cam/hook/ld_library_path_lib.ps1'
[12.657s] INFO:colcon.colcon_core.shell:Creating environment descriptor '/workspace/install/usb_cam/share/usb_cam/hook/ld_library_path_lib.dsv'
[12.659s] INFO:colcon.colcon_core.shell:Creating environment hook '/workspace/install/usb_cam/share/usb_cam/hook/ld_library_path_lib.sh'
[12.660s] Level 1:colcon.colcon_core.environment:checking '/workspace/install/usb_cam/bin'
[12.660s] Level 1:colcon.colcon_core.environment:checking '/workspace/install/usb_cam/lib/pkgconfig/usb_cam.pc'
[12.661s] Level 1:colcon.colcon_core.environment:checking '/workspace/install/usb_cam/lib/python3.6/site-packages'
[12.661s] Level 1:colcon.colcon_core.environment:checking '/workspace/install/usb_cam/bin'
[12.664s] INFO:colcon.colcon_core.shell:Creating package script '/workspace/install/usb_cam/share/usb_cam/package.ps1'
[12.665s] INFO:colcon.colcon_core.shell:Creating package descriptor '/workspace/install/usb_cam/share/usb_cam/package.dsv'
[12.666s] INFO:colcon.colcon_core.shell:Creating package script '/workspace/install/usb_cam/share/usb_cam/package.sh'
[12.667s] INFO:colcon.colcon_core.shell:Creating package script '/workspace/install/usb_cam/share/usb_cam/package.bash'
[12.668s] INFO:colcon.colcon_core.shell:Creating package script '/workspace/install/usb_cam/share/usb_cam/package.zsh'
[12.669s] Level 1:colcon.colcon_core.environment:create_file_with_runtime_dependencies(/workspace/install/usb_cam/share/colcon-core/packages/usb_cam)
[12.717s] Level 1:colcon.colcon_core.environment:create_environment_scripts_only(usb_cam)
[12.722s] Level 1:colcon.colcon_core.environment:checking '/workspace/install/usb_cam' for CMake module files
[12.727s] Level 1:colcon.colcon_core.environment:checking '/workspace/install/usb_cam' for CMake config files
[12.730s] Level 1:colcon.colcon_core.shell:create_environment_hook('usb_cam', 'cmake_prefix_path')
[12.733s] INFO:colcon.colcon_core.shell:Creating environment hook '/workspace/install/usb_cam/share/usb_cam/hook/cmake_prefix_path.ps1'
[12.734s] INFO:colcon.colcon_core.shell:Creating environment descriptor '/workspace/install/usb_cam/share/usb_cam/hook/cmake_prefix_path.dsv'
[12.736s] INFO:colcon.colcon_core.shell:Creating environment hook '/workspace/install/usb_cam/share/usb_cam/hook/cmake_prefix_path.sh'
[12.739s] Level 1:colcon.colcon_core.environment:checking '/workspace/install/usb_cam/lib'
[12.740s] Level 1:colcon.colcon_core.shell:create_environment_hook('usb_cam', 'ld_library_path_lib')
[12.743s] INFO:colcon.colcon_core.shell:Creating environment hook '/workspace/install/usb_cam/share/usb_cam/hook/ld_library_path_lib.ps1'
[12.745s] INFO:colcon.colcon_core.shell:Creating environment descriptor '/workspace/install/usb_cam/share/usb_cam/hook/ld_library_path_lib.dsv'
[12.746s] INFO:colcon.colcon_core.shell:Creating environment hook '/workspace/install/usb_cam/share/usb_cam/hook/ld_library_path_lib.sh'
[12.748s] Level 1:colcon.colcon_core.environment:checking '/workspace/install/usb_cam/bin'
[12.749s] Level 1:colcon.colcon_core.environment:checking '/workspace/install/usb_cam/lib/pkgconfig/usb_cam.pc'
[12.749s] Level 1:colcon.colcon_core.environment:checking '/workspace/install/usb_cam/lib/python3.6/site-packages'
[12.750s] Level 1:colcon.colcon_core.environment:checking '/workspace/install/usb_cam/bin'
[12.754s] INFO:colcon.colcon_core.shell:Creating package script '/workspace/install/usb_cam/share/usb_cam/package.ps1'
[12.756s] INFO:colcon.colcon_core.shell:Creating package descriptor '/workspace/install/usb_cam/share/usb_cam/package.dsv'
[12.758s] INFO:colcon.colcon_core.shell:Creating package script '/workspace/install/usb_cam/share/usb_cam/package.sh'
[12.760s] INFO:colcon.colcon_core.shell:Creating package script '/workspace/install/usb_cam/share/usb_cam/package.bash'
[12.761s] INFO:colcon.colcon_core.shell:Creating package script '/workspace/install/usb_cam/share/usb_cam/package.zsh'
[12.762s] Level 1:colcon.colcon_core.environment:create_file_with_runtime_dependencies(/workspace/install/usb_cam/share/colcon-core/packages/usb_cam)
[12.764s] DEBUG:colcon.colcon_parallel_executor.executor.parallel:closing loop
[12.765s] DEBUG:colcon.colcon_parallel_executor.executor.parallel:loop closed
[12.765s] DEBUG:colcon.colcon_parallel_executor.executor.parallel:run_until_complete finished with '0'
[12.766s] DEBUG:colcon.colcon_core.event_reactor:joining thread
[12.793s] INFO:colcon.colcon_core.plugin_system:Skipping extension 'colcon_notification.desktop_notification.notify_send': Could not find 'notify-send'
[12.793s] INFO:colcon.colcon_core.plugin_system:Skipping extension 'colcon_notification.desktop_notification.terminal_notifier': Not used on non-Darwin systems
[12.794s] INFO:colcon.colcon_core.plugin_system:Skipping extension 'colcon_notification.desktop_notification.win32': Not used on non-Windows systems
[12.794s] INFO:colcon.colcon_notification.desktop_notification:Sending desktop notification using 'notify2'
[12.794s] DEBUG:colcon.colcon_notification.desktop_notification.notify2:Failed to initialize notify2: org.freedesktop.DBus.Error.NotSupported: Unable to autolaunch a dbus-daemon without a $DISPLAY for X11
[12.794s] DEBUG:colcon.colcon_core.event_reactor:joined thread
[12.797s] INFO:colcon.colcon_core.shell:Creating prefix script '/workspace/install/local_setup.ps1'
[12.800s] INFO:colcon.colcon_core.shell:Creating prefix util module '/workspace/install/_local_setup_util_ps1.py'
[12.803s] INFO:colcon.colcon_core.shell:Creating prefix chain script '/workspace/install/setup.ps1'
[12.807s] INFO:colcon.colcon_core.shell:Creating prefix script '/workspace/install/local_setup.sh'
[12.809s] INFO:colcon.colcon_core.shell:Creating prefix util module '/workspace/install/_local_setup_util_sh.py'
[12.810s] INFO:colcon.colcon_core.shell:Creating prefix chain script '/workspace/install/setup.sh'
[12.813s] INFO:colcon.colcon_core.shell:Creating prefix script '/workspace/install/local_setup.bash'
[12.814s] INFO:colcon.colcon_core.shell:Creating prefix chain script '/workspace/install/setup.bash'
[12.816s] INFO:colcon.colcon_core.shell:Creating prefix script '/workspace/install/local_setup.zsh'
[12.817s] INFO:colcon.colcon_core.shell:Creating prefix chain script '/workspace/install/setup.zsh'
