-- The C compiler identification is GNU 7.5.0
-- The CXX compiler identification is GNU 7.5.0
-- Check for working C compiler: /usr/bin/cc
-- Check for working C compiler: /usr/bin/cc -- works
-- Detecting C compiler ABI info
-- Detecting C compiler ABI info - done
-- Detecting C compile features
-- Detecting C compile features - done
-- Check for working CXX compiler: /usr/bin/c++
-- Check for working CXX compiler: /usr/bin/c++ -- works
-- Detecting CXX compiler ABI info
-- Detecting CXX compiler ABI info - done
-- Detecting CXX compile features
-- Detecting CXX compile features - done
-- Found ament_cmake: 0.7.6 (/opt/ros/dashing/share/ament_cmake/cmake)
-- Found PythonInterp: /usr/bin/python3 (found suitable version "3.6.9", minimum required is "3") 
-- Using PYTHON_EXECUTABLE: /usr/bin/python3
-- Found rclcpp: 0.7.16 (/opt/ros/dashing/share/rclcpp/cmake)
-- Found rosidl_adapter: 0.7.10 (/opt/ros/dashing/share/rosidl_adapter/cmake)
-- Found rmw_implementation_cmake: 0.7.2 (/opt/ros/dashing/share/rmw_implementation_cmake/cmake)
-- Using RMW implementation 'rmw_fastrtps_cpp' as default
-- Looking for pthread.h
-- Looking for pthread.h - found
-- Looking for pthread_create
-- Looking for pthread_create - not found
-- Looking for pthread_create in pthreads
-- Looking for pthread_create in pthreads - not found
-- Looking for pthread_create in pthread
-- Looking for pthread_create in pthread - found
-- Found Threads: TRUE  
-- Found ament_lint_auto: 0.7.12 (/opt/ros/dashing/share/ament_lint_auto/cmake)
-- Added test 'copyright' to check for copyright in CMake / C / C++ / Python code
-- Added test 'cppcheck' to perform static code analysis on C / C++ code
-- Configured cppcheck include dirs: 
-- Added test 'cpplint' to check C / C++ code against the Google style
-- Added test 'lint_cmake' to check CMake code style
-- Added test 'uncrustify' to check C / C++ code style
-- Added test 'xmllint' to check XML markup files
-- Configuring done
-- Generating done
-- Build files have been written to: /workspace/build/sample
[35m[1mScanning dependencies of target sample_package[0m
[ 50%] [32mBuilding CXX object CMakeFiles/sample_package.dir/src/sample.cpp.o[0m
[100%] [32m[1mLinking CXX executable sample_package[0m
[100%] Built target sample_package
[100%] Built target sample_package
[36mInstall the project...[0m
-- Install configuration: ""
-- Installing: /workspace/install/sample/lib/sample/sample_package
-- Set runtime path of "/workspace/install/sample/lib/sample/sample_package" to ""
-- Installing: /workspace/install/sample/share/ament_index/resource_index/package_run_dependencies/sample
-- Installing: /workspace/install/sample/share/ament_index/resource_index/parent_prefix_path/sample
-- Installing: /workspace/install/sample/share/sample/environment/ament_prefix_path.sh
-- Installing: /workspace/install/sample/share/sample/environment/path.sh
-- Installing: /workspace/install/sample/share/sample/local_setup.bash
-- Installing: /workspace/install/sample/share/sample/local_setup.sh
-- Installing: /workspace/install/sample/share/sample/local_setup.zsh
-- Installing: /workspace/install/sample/share/ament_index/resource_index/packages/sample
-- Installing: /workspace/install/sample/share/sample/cmake/sampleConfig.cmake
-- Installing: /workspace/install/sample/share/sample/cmake/sampleConfig-version.cmake
-- Installing: /workspace/install/sample/share/sample/package.xml
