Determining if the pthread_create exist failed with the following output:
Change Dir: /workspace/build/usb_cam/CMakeFiles/CMakeTmp

Run Build Command:"/usr/bin/make" "cmTC_e0be8/fast"
/usr/bin/make -f CMakeFiles/cmTC_e0be8.dir/build.make CMakeFiles/cmTC_e0be8.dir/build
make[1]: Entering directory '/workspace/build/usb_cam/CMakeFiles/CMakeTmp'
Building C object CMakeFiles/cmTC_e0be8.dir/CheckSymbolExists.c.o
/usr/bin/cc    -o CMakeFiles/cmTC_e0be8.dir/CheckSymbolExists.c.o   -c /workspace/build/usb_cam/CMakeFiles/CMakeTmp/CheckSymbolExists.c
Linking C executable cmTC_e0be8
/usr/bin/cmake -E cmake_link_script CMakeFiles/cmTC_e0be8.dir/link.txt --verbose=1
/usr/bin/cc      CMakeFiles/cmTC_e0be8.dir/CheckSymbolExists.c.o  -o cmTC_e0be8 
CMakeFiles/cmTC_e0be8.dir/CheckSymbolExists.c.o: In function `main':
CheckSymbolExists.c:(.text+0x1b): undefined reference to `pthread_create'
collect2: error: ld returned 1 exit status
CMakeFiles/cmTC_e0be8.dir/build.make:97: recipe for target 'cmTC_e0be8' failed
make[1]: *** [cmTC_e0be8] Error 1
make[1]: Leaving directory '/workspace/build/usb_cam/CMakeFiles/CMakeTmp'
Makefile:126: recipe for target 'cmTC_e0be8/fast' failed
make: *** [cmTC_e0be8/fast] Error 2

File /workspace/build/usb_cam/CMakeFiles/CMakeTmp/CheckSymbolExists.c:
/* */
#include <pthread.h>

int main(int argc, char** argv)
{
  (void)argv;
#ifndef pthread_create
  return ((int*)(&pthread_create))[argc];
#else
  (void)argc;
  return 0;
#endif
}

Determining if the function pthread_create exists in the pthreads failed with the following output:
Change Dir: /workspace/build/usb_cam/CMakeFiles/CMakeTmp

Run Build Command:"/usr/bin/make" "cmTC_fca57/fast"
/usr/bin/make -f CMakeFiles/cmTC_fca57.dir/build.make CMakeFiles/cmTC_fca57.dir/build
make[1]: Entering directory '/workspace/build/usb_cam/CMakeFiles/CMakeTmp'
Building C object CMakeFiles/cmTC_fca57.dir/CheckFunctionExists.c.o
/usr/bin/cc   -DCHECK_FUNCTION_EXISTS=pthread_create   -o CMakeFiles/cmTC_fca57.dir/CheckFunctionExists.c.o   -c /usr/share/cmake-3.10/Modules/CheckFunctionExists.c
Linking C executable cmTC_fca57
/usr/bin/cmake -E cmake_link_script CMakeFiles/cmTC_fca57.dir/link.txt --verbose=1
/usr/bin/cc  -DCHECK_FUNCTION_EXISTS=pthread_create    CMakeFiles/cmTC_fca57.dir/CheckFunctionExists.c.o  -o cmTC_fca57 -lpthreads 
/usr/bin/ld: cannot find -lpthreads
collect2: error: ld returned 1 exit status
CMakeFiles/cmTC_fca57.dir/build.make:97: recipe for target 'cmTC_fca57' failed
make[1]: *** [cmTC_fca57] Error 1
make[1]: Leaving directory '/workspace/build/usb_cam/CMakeFiles/CMakeTmp'
Makefile:126: recipe for target 'cmTC_fca57/fast' failed
make: *** [cmTC_fca57/fast] Error 2


