[0.035s] Invoking command in '/workspace/build/sample': CMAKE_PREFIX_PATH=/opt/ros/dashing /usr/bin/cmake --build /workspace/build/sample -- -j8 -l8
[0.111s] [100%] Built target sample_package
[0.130s] Invoked command in '/workspace/build/sample' returned '0': CMAKE_PREFIX_PATH=/opt/ros/dashing /usr/bin/cmake --build /workspace/build/sample -- -j8 -l8
[0.180s] Invoking command in '/workspace/build/sample': CMAKE_PREFIX_PATH=/opt/ros/dashing /usr/bin/cmake --build /workspace/build/sample --target install -- -j8 -l8
[0.263s] [100%] Built target sample_package
[0.290s] [36mInstall the project...[0m
[0.303s] -- Install configuration: ""
[0.306s] -- Up-to-date: /workspace/install/sample/lib/sample/sample_package
[0.310s] -- Up-to-date: /workspace/install/sample/share/ament_index/resource_index/package_run_dependencies/sample
[0.312s] -- Up-to-date: /workspace/install/sample/share/ament_index/resource_index/parent_prefix_path/sample
[0.313s] -- Up-to-date: /workspace/install/sample/share/sample/environment/ament_prefix_path.sh
[0.315s] -- Up-to-date: /workspace/install/sample/share/sample/environment/path.sh
[0.317s] -- Up-to-date: /workspace/install/sample/share/sample/local_setup.bash
[0.318s] -- Up-to-date: /workspace/install/sample/share/sample/local_setup.sh
[0.320s] -- Up-to-date: /workspace/install/sample/share/sample/local_setup.zsh
[0.322s] -- Up-to-date: /workspace/install/sample/share/ament_index/resource_index/packages/sample
[0.323s] -- Up-to-date: /workspace/install/sample/share/sample/cmake/sampleConfig.cmake
[0.325s] -- Up-to-date: /workspace/install/sample/share/sample/cmake/sampleConfig-version.cmake
[0.326s] -- Up-to-date: /workspace/install/sample/share/sample/package.xml
[0.333s] Invoked command in '/workspace/build/sample' returned '0': CMAKE_PREFIX_PATH=/opt/ros/dashing /usr/bin/cmake --build /workspace/build/sample --target install -- -j8 -l8
