[0.030s] Invoking command in '/workspace/build/usb_cam': CMAKE_PREFIX_PATH=/opt/ros/dashing /usr/bin/cmake /workspace/src/usb_cam -DCMAKE_INSTALL_PREFIX=/workspace/install/usb_cam
[0.193s] -- The C compiler identification is GNU 7.5.0
[0.288s] -- The CXX compiler identification is GNU 7.5.0
[0.300s] -- Check for working C compiler: /usr/bin/cc
[0.454s] -- Check for working C compiler: /usr/bin/cc -- works
[0.455s] -- Detecting C compiler ABI info
[0.600s] -- Detecting C compiler ABI info - done
[0.612s] -- Detecting C compile features
[1.132s] -- Detecting C compile features - done
[1.141s] -- Check for working CXX compiler: /usr/bin/c++
[1.304s] -- Check for working CXX compiler: /usr/bin/c++ -- works
[1.306s] -- Detecting CXX compiler ABI info
[1.464s] -- Detecting CXX compiler ABI info - done
[1.474s] -- Detecting CXX compile features
[2.786s] -- Detecting CXX compile features - done
[2.791s] -- Found ament_cmake: 0.7.6 (/opt/ros/dashing/share/ament_cmake/cmake)
[2.830s] -- Found PythonInterp: /usr/bin/python3 (found suitable version "3.6.9", minimum required is "3") 
[2.831s] -- Using PYTHON_EXECUTABLE: /usr/bin/python3
[3.131s] -- Found rclcpp: 0.7.16 (/opt/ros/dashing/share/rclcpp/cmake)
[3.164s] -- Found rosidl_adapter: 0.7.10 (/opt/ros/dashing/share/rosidl_adapter/cmake)
[3.221s] -- Found rmw_implementation_cmake: 0.7.2 (/opt/ros/dashing/share/rmw_implementation_cmake/cmake)
[3.223s] -- Using RMW implementation 'rmw_fastrtps_cpp' as default
[3.227s] -- Looking for pthread.h
[3.382s] -- Looking for pthread.h - found
[3.386s] -- Looking for pthread_create
[3.542s] -- Looking for pthread_create - not found
[3.543s] -- Looking for pthread_create in pthreads
[3.655s] -- Looking for pthread_create in pthreads - not found
[3.656s] -- Looking for pthread_create in pthread
[3.805s] -- Looking for pthread_create in pthread - found
[3.808s] -- Found Threads: TRUE  
[3.850s] -- Found sensor_msgs: 0.7.1 (/opt/ros/dashing/share/sensor_msgs/cmake)
[3.896s] -- Found cv_bridge: 2.1.4 (/opt/ros/dashing/share/cv_bridge/cmake)
[3.934s] -- Found OpenCV: /usr (found version "3.2.0") found components:  core highgui videoio 
[3.937s] -- Found rclcpp_components: 0.7.16 (/opt/ros/dashing/share/rclcpp_components/cmake)
[3.946s] -- Found poco_vendor:  (/opt/ros/dashing/share/poco_vendor/cmake)
[4.220s] -- Configuring done
[4.299s] -- Generating done
[4.317s] -- Build files have been written to: /workspace/build/usb_cam
[4.322s] Invoked command in '/workspace/build/usb_cam' returned '0': CMAKE_PREFIX_PATH=/opt/ros/dashing /usr/bin/cmake /workspace/src/usb_cam -DCMAKE_INSTALL_PREFIX=/workspace/install/usb_cam
[4.325s] Invoking command in '/workspace/build/usb_cam': CMAKE_PREFIX_PATH=/opt/ros/dashing /usr/bin/cmake --build /workspace/build/usb_cam -- -j8 -l8
[4.411s] [35m[1mScanning dependencies of target usb_cam[0m
[4.892s] [ 33%] [32mBuilding CXX object CMakeFiles/usb_cam.dir/src/image_subscriber.cpp.o[0m
[4.900s] [ 66%] [32mBuilding CXX object CMakeFiles/usb_cam.dir/src/usb_cam.cpp.o[0m
[11.295s] [100%] [32m[1mLinking CXX shared library libusb_cam.so[0m
[11.672s] [100%] Built target usb_cam
[11.685s] Invoked command in '/workspace/build/usb_cam' returned '0': CMAKE_PREFIX_PATH=/opt/ros/dashing /usr/bin/cmake --build /workspace/build/usb_cam -- -j8 -l8
[11.719s] Invoking command in '/workspace/build/usb_cam': CMAKE_PREFIX_PATH=/opt/ros/dashing /usr/bin/cmake --build /workspace/build/usb_cam --target install -- -j8 -l8
[11.832s] [100%] Built target usb_cam
[11.866s] [36mInstall the project...[0m
[11.881s] -- Install configuration: ""
[11.882s] -- Installing: /workspace/install/usb_cam/lib/libusb_cam.so
[11.901s] -- Set runtime path of "/workspace/install/usb_cam/lib/libusb_cam.so" to ""
[11.902s] -- Installing: /workspace/install/usb_cam/share/ament_index/resource_index/package_run_dependencies/usb_cam
[11.906s] -- Installing: /workspace/install/usb_cam/share/ament_index/resource_index/parent_prefix_path/usb_cam
[11.908s] -- Installing: /workspace/install/usb_cam/share/usb_cam/environment/ament_prefix_path.sh
[11.910s] -- Installing: /workspace/install/usb_cam/share/usb_cam/environment/path.sh
[11.913s] -- Installing: /workspace/install/usb_cam/share/usb_cam/local_setup.bash
[11.920s] -- Installing: /workspace/install/usb_cam/share/usb_cam/local_setup.sh
[11.922s] -- Installing: /workspace/install/usb_cam/share/usb_cam/local_setup.zsh
[11.925s] -- Installing: /workspace/install/usb_cam/share/ament_index/resource_index/packages/usb_cam
[11.929s] -- Installing: /workspace/install/usb_cam/share/ament_index/resource_index/rclcpp_components/usb_cam
[11.931s] -- Installing: /workspace/install/usb_cam/share/usb_cam/cmake/usb_camConfig.cmake
[11.934s] -- Installing: /workspace/install/usb_cam/share/usb_cam/cmake/usb_camConfig-version.cmake
[11.936s] -- Installing: /workspace/install/usb_cam/share/usb_cam/package.xml
[11.948s] Invoked command in '/workspace/build/usb_cam' returned '0': CMAKE_PREFIX_PATH=/opt/ros/dashing /usr/bin/cmake --build /workspace/build/usb_cam --target install -- -j8 -l8
